#
# A fatal error has been detected by the Java Runtime Environment:
#
#  SIGSEGV (0xb) at pc=0x0000000000000000, pid=10705, tid=10706
#
# JRE version: OpenJDK Runtime Environment (17.0) (build 17-internal+0-adhoc.hydos.jdk)
# Java VM: OpenJDK 64-Bit Server VM (17-internal+0-adhoc.hydos.jdk, mixed mode, sharing, tiered, compressed oops, g1 gc, linux-amd64)
# Problematic frame:
# C  0x0000000000000000
#
# Core dump will be written. Default location: Core dumps may be processed with "/usr/share/apport/apport %p %s %c %d %P %E" (or dumping to /home/hydos/IdeaProjects/hYdos/MowingSimulator/core.10705)
#
# If you would like to submit a bug report, please visit:
#   https://bugreport.java.com/bugreport/crash.jsp
# The crash happened outside the Java Virtual Machine in native code.
# See problematic frame for where to report the bug.
#

---------------  S U M M A R Y ------------

Command Line: -agentlib:jdwp=transport=dt_socket,address=127.0.0.1:37191,suspend=y,server=n -Dvisualvm.id=1434165156160 -Dfile.encoding=UTF-8 me.hydos.example.MowingSim

Host: AMD Ryzen 5 2600 Six-Core Processor, 12 cores, 31G, Ubuntu 20.10
Time: Sat Feb 20 07:10:34 2021 AEST elapsed time: 7.492677 seconds (0d 0h 0m 7s)

---------------  T H R E A D  ---------------

Current thread (0x00007f3fe00232d0):  JavaThread "main" [_thread_in_native, id=10706, stack(0x00007f3fe6904000,0x00007f3fe6a05000)]

Stack: [0x00007f3fe6904000,0x00007f3fe6a05000],  sp=0x00007f3fe6a03648,  free space=1021k
Java frames: (J=compiled Java code, j=interpreted, Vv=VM code)
j  org.lwjgl.system.JNI.invokePP(JJ)J+0
j  org.lwjgl.glfw.GLFWVulkan.nglfwGetRequiredInstanceExtensions(J)J+6
j  org.lwjgl.glfw.GLFWVulkan.glfwGetRequiredInstanceExtensions()Lorg/lwjgl/PointerBuffer;+19
j  Rosella.<init>(Ljava/lang/String;Z)V+108
j  me.hydos.example.MowingSim.main([Ljava/lang/String;)V+24
v  ~StubRoutines::call_stub

siginfo: si_signo: 11 (SIGSEGV), si_code: 1 (SEGV_MAPERR), si_addr: 0x0000000000000000

Register to memory mapping:

RAX=0x00007f3fe07b17c0 points into unknown readable memory: 0x0000000000000000 | 00 00 00 00 00 00 00 00
RBX=0x00007f3f9dd9d700: <offset 0x0000000000245700> in /tmp/lwjglhydos/3.2.4-build-6/libglfw.so at 0x00007f3f9db58000
RCX=0x00007f3fe07b2a00 points into unknown readable memory: 0x0000000000000000 | 00 00 00 00 00 00 00 00
RDX=0x00007f3fe07b17c0 points into unknown readable memory: 0x0000000000000000 | 00 00 00 00 00 00 00 00
RSP=0x00007f3fe6a03648 is pointing into the stack for thread: 0x00007f3fe00232d0
RBP=0x0000000000000002 is an unknown value
RSI=0x00007f3fe6a03650 is pointing into the stack for thread: 0x00007f3fe00232d0
RDI=0x0 is NULL
R8 =0x00007f3fe07b17c0 points into unknown readable memory: 0x0000000000000000 | 00 00 00 00 00 00 00 00
R9 =0x00007f3fe07b17c0 points into unknown readable memory: 0x0000000000000000 | 00 00 00 00 00 00 00 00
R10=0x00007f3fe00000b0 points into unknown readable memory: 0x00007f3fe00000a0 | a0 00 00 e0 3f 7f 00 00
R11=0x00007f3fe0000080 points into unknown readable memory: 0x00007f3fe0957030 | 30 70 95 e0 3f 7f 00 00
R12=0x0 is NULL
R13=0x00007f3fe07b17c0 points into unknown readable memory: 0x0000000000000000 | 00 00 00 00 00 00 00 00
R14=0x00007f3fe6a03750 is pointing into the stack for thread: 0x00007f3fe00232d0
R15=0x00007f3fe00232d0 is a thread


Registers:
RAX=0x00007f3fe07b17c0, RBX=0x00007f3f9dd9d700, RCX=0x00007f3fe07b2a00, RDX=0x00007f3fe07b17c0
RSP=0x00007f3fe6a03648, RBP=0x0000000000000002, RSI=0x00007f3fe6a03650, RDI=0x0000000000000000
R8 =0x00007f3fe07b17c0, R9 =0x00007f3fe07b17c0, R10=0x00007f3fe00000b0, R11=0x00007f3fe0000080
R12=0x0000000000000000, R13=0x00007f3fe07b17c0, R14=0x00007f3fe6a03750, R15=0x00007f3fe00232d0
RIP=0x0000000000000000, EFLAGS=0x0000000000010246, CSGSFS=0x002b000000000033, ERR=0x0000000000000014
  TRAPNO=0x000000000000000e

Top of Stack: (sp=0x00007f3fe6a03648)
0x00007f3fe6a03648:   00007f3f9db64d6e 00007f3f00000012
0x00007f3fe6a03658:   00007f3f9fca2228 00007f3f9fca2228
0x00007f3fe6a03668:   00007f3f9dd9d700 00007f3fe0320d44
0x00007f3fe6a03678:   0000000000000000 00007f3f9fca2228 

Instructions: (pc=0x0000000000000000)
0xffffffffffffff00:   


Stack slot to memory mapping:
stack at sp + 0 slots: 0x00007f3f9db64d6e: <offset 0x000000000000cd6e> in /tmp/lwjglhydos/3.2.4-build-6/libglfw.so at 0x00007f3f9db58000
stack at sp + 1 slots: 0x00007f3f00000012 is an unknown value
stack at sp + 2 slots: {method} {0x00007f3f9fca2228} 'invokePP' '(JJ)J' in 'org/lwjgl/system/JNI'
stack at sp + 3 slots: {method} {0x00007f3f9fca2228} 'invokePP' '(JJ)J' in 'org/lwjgl/system/JNI'
stack at sp + 4 slots: 0x00007f3f9dd9d700: <offset 0x0000000000245700> in /tmp/lwjglhydos/3.2.4-build-6/libglfw.so at 0x00007f3f9db58000
stack at sp + 5 slots: 0x00007f3fe0320d44 points into unknown readable memory: 00 00 00 00
stack at sp + 6 slots: 0x0 is NULL
stack at sp + 7 slots: {method} {0x00007f3f9fca2228} 'invokePP' '(JJ)J' in 'org/lwjgl/system/JNI'


---------------  P R O C E S S  ---------------

Threads class SMR info:
_java_thread_list=0x00007f3f680020b0, length=13, elements={
0x00007f3fe00232d0, 0x00007f3fe0167e70, 0x00007f3fe01693f0, 0x00007f3fe016daa0,
0x00007f3fe016eff0, 0x00007f3fe0170510, 0x00007f3fe0171ff0, 0x00007f3fe0173650,
0x00007f3fe017cbe0, 0x00007f3fe0196c40, 0x00007f3fe0197c30, 0x00007f3fe019efe0,
0x00007f3f880010f0
}

Java Threads: ( => current thread )
=>0x00007f3fe00232d0 JavaThread "main" [_thread_in_native, id=10706, stack(0x00007f3fe6904000,0x00007f3fe6a05000)]
  0x00007f3fe0167e70 JavaThread "Reference Handler" daemon [_thread_blocked, id=10713, stack(0x00007f3fb45c8000,0x00007f3fb46c9000)]
  0x00007f3fe01693f0 JavaThread "Finalizer" daemon [_thread_blocked, id=10715, stack(0x00007f3fb44c7000,0x00007f3fb45c8000)]
  0x00007f3fe016daa0 JavaThread "Signal Dispatcher" daemon [_thread_blocked, id=10717, stack(0x00007f3fb43c6000,0x00007f3fb44c7000)]
  0x00007f3fe016eff0 JavaThread "Service Thread" daemon [_thread_blocked, id=10718, stack(0x00007f3fb42c5000,0x00007f3fb43c6000)]
  0x00007f3fe0170510 JavaThread "Monitor Deflation Thread" daemon [_thread_blocked, id=10719, stack(0x00007f3fb41c4000,0x00007f3fb42c5000)]
  0x00007f3fe0171ff0 JavaThread "C2 CompilerThread0" daemon [_thread_blocked, id=10720, stack(0x00007f3fb40c3000,0x00007f3fb41c4000)]
  0x00007f3fe0173650 JavaThread "C1 CompilerThread0" daemon [_thread_blocked, id=10721, stack(0x00007f3f9e91d000,0x00007f3f9ea1e000)]
  0x00007f3fe017cbe0 JavaThread "Sweeper thread" daemon [_thread_blocked, id=10722, stack(0x00007f3f9e81c000,0x00007f3f9e91d000)]
  0x00007f3fe0196c40 JavaThread "JDWP Event Helper Thread" daemon [_thread_blocked, id=10725, stack(0x00007f3f9e61a000,0x00007f3f9e71b000)]
  0x00007f3fe0197c30 JavaThread "Notification Thread" daemon [_thread_blocked, id=10728, stack(0x00007f3f9e418000,0x00007f3f9e519000)]
  0x00007f3fe019efe0 JavaThread "Common-Cleaner" daemon [_thread_blocked, id=10730, stack(0x00007f3f9e215000,0x00007f3f9e316000)]
  0x00007f3f880010f0 JavaThread "SIGINT handler" daemon [_thread_blocked, id=10751, stack(0x00007f3f9e71b000,0x00007f3f9e81c000)]

Other Threads:
  0x00007f3fe01658b0 VMThread "VM Thread" [stack: 0x00007f3fb46cb000,0x00007f3fb47cb000] [id=10712] _threads_hazard_ptr=0x00007f3f680020b0
  0x00007f3fe00596d0 GCTaskThread "GC Thread#0" [stack: 0x00007f3fe4b1d000,0x00007f3fe4c1d000] [id=10707]
  0x00007f3fe006a8a0 ConcurrentGCThread "G1 Main Marker" terminated
  0x00007f3fe006b930 ConcurrentGCThread "G1 Conc#0" [stack: 0x00007f3fe4919000,0x00007f3fe4a19000] [id=10709]
  0x00007f3fe012b240 ConcurrentGCThread "G1 Refine#0" terminated
  0x00007f3fe012c260 ConcurrentGCThread "G1 Service" terminated

Threads with active compile tasks:

VM state: at safepoint (normal execution)

VM Mutex/Monitor currently owned by a thread:  ([mutex/lock_event])
[0x00007f3fe001fbf0] Threads_lock - owner thread: 0x00007f3fe01658b0
[0x00007f3fe0020380] Heap_lock - owner thread: 0x00007f3f880010f0

Heap address: 0x000000060b400000, size: 8012 MB, Compressed Oops mode: Zero based, Oop shift amount: 3
CDS archive(s) mapped at: [0x0000000800000000-0x0000000800bff000-0x0000000800bff000), size 12578816, SharedBaseAddress: 0x0000000800000000, ArchiveRelocationMode: 0.
Compressed class space mapped at: 0x0000000800c00000-0x0000000840c00000, reserved size: 1073741824
Narrow klass base: 0x0000000800000000, Narrow klass shift: 3, Narrow klass range: 0x100000000

GC Precious Log:
 CPUs: 12 total, 12 available
 Memory: 32037M
 Large Page Support: Disabled
 NUMA Support: Disabled
 Compressed Oops: Enabled (Zero based)
 Heap Region Size: 4M
 Heap Min Capacity: 8M
 Heap Initial Capacity: 504M
 Heap Max Capacity: 8012M
 Pre-touch: Disabled
 Parallel Workers: 10
 Concurrent Workers: 3
 Concurrent Refinement Workers: 10
 Periodic GC: Disabled

Heap:
 garbage-first heap   total 524288K, used 12284K [0x000000060b400000, 0x0000000800000000)
  region size 4096K, 3 young (12288K), 0 survivors (0K)
 Metaspace       used 2568K, committed 2688K, reserved 1056768K
  class space    used 171K, committed 256K, reserved 1048576K

Heap Regions: E=young(eden), S=young(survivor), O=old, HS=humongous(starts), HC=humongous(continues), CS=collection set, F=free, OA=open archive, CA=closed archive, TAMS=top-at-mark-start (previous, next)
|   0|0x000000060b400000, 0x000000060b400000, 0x000000060b800000|  0%| F|  |TAMS 0x000000060b400000, 0x000000060b400000| Untracked 
|   1|0x000000060b800000, 0x000000060b800000, 0x000000060bc00000|  0%| F|  |TAMS 0x000000060b800000, 0x000000060b800000| Untracked 
|   2|0x000000060bc00000, 0x000000060bc00000, 0x000000060c000000|  0%| F|  |TAMS 0x000000060bc00000, 0x000000060bc00000| Untracked 
|   3|0x000000060c000000, 0x000000060c000000, 0x000000060c400000|  0%| F|  |TAMS 0x000000060c000000, 0x000000060c000000| Untracked 
|   4|0x000000060c400000, 0x000000060c400000, 0x000000060c800000|  0%| F|  |TAMS 0x000000060c400000, 0x000000060c400000| Untracked 
|   5|0x000000060c800000, 0x000000060c800000, 0x000000060cc00000|  0%| F|  |TAMS 0x000000060c800000, 0x000000060c800000| Untracked 
|   6|0x000000060cc00000, 0x000000060cc00000, 0x000000060d000000|  0%| F|  |TAMS 0x000000060cc00000, 0x000000060cc00000| Untracked 
|   7|0x000000060d000000, 0x000000060d000000, 0x000000060d400000|  0%| F|  |TAMS 0x000000060d000000, 0x000000060d000000| Untracked 
|   8|0x000000060d400000, 0x000000060d400000, 0x000000060d800000|  0%| F|  |TAMS 0x000000060d400000, 0x000000060d400000| Untracked 
|   9|0x000000060d800000, 0x000000060d800000, 0x000000060dc00000|  0%| F|  |TAMS 0x000000060d800000, 0x000000060d800000| Untracked 
|  10|0x000000060dc00000, 0x000000060dc00000, 0x000000060e000000|  0%| F|  |TAMS 0x000000060dc00000, 0x000000060dc00000| Untracked 
|  11|0x000000060e000000, 0x000000060e000000, 0x000000060e400000|  0%| F|  |TAMS 0x000000060e000000, 0x000000060e000000| Untracked 
|  12|0x000000060e400000, 0x000000060e400000, 0x000000060e800000|  0%| F|  |TAMS 0x000000060e400000, 0x000000060e400000| Untracked 
|  13|0x000000060e800000, 0x000000060e800000, 0x000000060ec00000|  0%| F|  |TAMS 0x000000060e800000, 0x000000060e800000| Untracked 
|  14|0x000000060ec00000, 0x000000060ec00000, 0x000000060f000000|  0%| F|  |TAMS 0x000000060ec00000, 0x000000060ec00000| Untracked 
|  15|0x000000060f000000, 0x000000060f000000, 0x000000060f400000|  0%| F|  |TAMS 0x000000060f000000, 0x000000060f000000| Untracked 
|  16|0x000000060f400000, 0x000000060f400000, 0x000000060f800000|  0%| F|  |TAMS 0x000000060f400000, 0x000000060f400000| Untracked 
|  17|0x000000060f800000, 0x000000060f800000, 0x000000060fc00000|  0%| F|  |TAMS 0x000000060f800000, 0x000000060f800000| Untracked 
|  18|0x000000060fc00000, 0x000000060fc00000, 0x0000000610000000|  0%| F|  |TAMS 0x000000060fc00000, 0x000000060fc00000| Untracked 
|  19|0x0000000610000000, 0x0000000610000000, 0x0000000610400000|  0%| F|  |TAMS 0x0000000610000000, 0x0000000610000000| Untracked 
|  20|0x0000000610400000, 0x0000000610400000, 0x0000000610800000|  0%| F|  |TAMS 0x0000000610400000, 0x0000000610400000| Untracked 
|  21|0x0000000610800000, 0x0000000610800000, 0x0000000610c00000|  0%| F|  |TAMS 0x0000000610800000, 0x0000000610800000| Untracked 
|  22|0x0000000610c00000, 0x0000000610c00000, 0x0000000611000000|  0%| F|  |TAMS 0x0000000610c00000, 0x0000000610c00000| Untracked 
|  23|0x0000000611000000, 0x0000000611000000, 0x0000000611400000|  0%| F|  |TAMS 0x0000000611000000, 0x0000000611000000| Untracked 
|  24|0x0000000611400000, 0x0000000611400000, 0x0000000611800000|  0%| F|  |TAMS 0x0000000611400000, 0x0000000611400000| Untracked 
|  25|0x0000000611800000, 0x0000000611800000, 0x0000000611c00000|  0%| F|  |TAMS 0x0000000611800000, 0x0000000611800000| Untracked 
|  26|0x0000000611c00000, 0x0000000611c00000, 0x0000000612000000|  0%| F|  |TAMS 0x0000000611c00000, 0x0000000611c00000| Untracked 
|  27|0x0000000612000000, 0x0000000612000000, 0x0000000612400000|  0%| F|  |TAMS 0x0000000612000000, 0x0000000612000000| Untracked 
|  28|0x0000000612400000, 0x0000000612400000, 0x0000000612800000|  0%| F|  |TAMS 0x0000000612400000, 0x0000000612400000| Untracked 
|  29|0x0000000612800000, 0x0000000612800000, 0x0000000612c00000|  0%| F|  |TAMS 0x0000000612800000, 0x0000000612800000| Untracked 
|  30|0x0000000612c00000, 0x0000000612c00000, 0x0000000613000000|  0%| F|  |TAMS 0x0000000612c00000, 0x0000000612c00000| Untracked 
|  31|0x0000000613000000, 0x0000000613000000, 0x0000000613400000|  0%| F|  |TAMS 0x0000000613000000, 0x0000000613000000| Untracked 
|  32|0x0000000613400000, 0x0000000613400000, 0x0000000613800000|  0%| F|  |TAMS 0x0000000613400000, 0x0000000613400000| Untracked 
|  33|0x0000000613800000, 0x0000000613800000, 0x0000000613c00000|  0%| F|  |TAMS 0x0000000613800000, 0x0000000613800000| Untracked 
|  34|0x0000000613c00000, 0x0000000613c00000, 0x0000000614000000|  0%| F|  |TAMS 0x0000000613c00000, 0x0000000613c00000| Untracked 
|  35|0x0000000614000000, 0x0000000614000000, 0x0000000614400000|  0%| F|  |TAMS 0x0000000614000000, 0x0000000614000000| Untracked 
|  36|0x0000000614400000, 0x0000000614400000, 0x0000000614800000|  0%| F|  |TAMS 0x0000000614400000, 0x0000000614400000| Untracked 
|  37|0x0000000614800000, 0x0000000614800000, 0x0000000614c00000|  0%| F|  |TAMS 0x0000000614800000, 0x0000000614800000| Untracked 
|  38|0x0000000614c00000, 0x0000000614c00000, 0x0000000615000000|  0%| F|  |TAMS 0x0000000614c00000, 0x0000000614c00000| Untracked 
|  39|0x0000000615000000, 0x0000000615000000, 0x0000000615400000|  0%| F|  |TAMS 0x0000000615000000, 0x0000000615000000| Untracked 
|  40|0x0000000615400000, 0x0000000615400000, 0x0000000615800000|  0%| F|  |TAMS 0x0000000615400000, 0x0000000615400000| Untracked 
|  41|0x0000000615800000, 0x0000000615800000, 0x0000000615c00000|  0%| F|  |TAMS 0x0000000615800000, 0x0000000615800000| Untracked 
|  42|0x0000000615c00000, 0x0000000615c00000, 0x0000000616000000|  0%| F|  |TAMS 0x0000000615c00000, 0x0000000615c00000| Untracked 
|  43|0x0000000616000000, 0x0000000616000000, 0x0000000616400000|  0%| F|  |TAMS 0x0000000616000000, 0x0000000616000000| Untracked 
|  44|0x0000000616400000, 0x0000000616400000, 0x0000000616800000|  0%| F|  |TAMS 0x0000000616400000, 0x0000000616400000| Untracked 
|  45|0x0000000616800000, 0x0000000616800000, 0x0000000616c00000|  0%| F|  |TAMS 0x0000000616800000, 0x0000000616800000| Untracked 
|  46|0x0000000616c00000, 0x0000000616c00000, 0x0000000617000000|  0%| F|  |TAMS 0x0000000616c00000, 0x0000000616c00000| Untracked 
|  47|0x0000000617000000, 0x0000000617000000, 0x0000000617400000|  0%| F|  |TAMS 0x0000000617000000, 0x0000000617000000| Untracked 
|  48|0x0000000617400000, 0x0000000617400000, 0x0000000617800000|  0%| F|  |TAMS 0x0000000617400000, 0x0000000617400000| Untracked 
|  49|0x0000000617800000, 0x0000000617800000, 0x0000000617c00000|  0%| F|  |TAMS 0x0000000617800000, 0x0000000617800000| Untracked 
|  50|0x0000000617c00000, 0x0000000617c00000, 0x0000000618000000|  0%| F|  |TAMS 0x0000000617c00000, 0x0000000617c00000| Untracked 
|  51|0x0000000618000000, 0x0000000618000000, 0x0000000618400000|  0%| F|  |TAMS 0x0000000618000000, 0x0000000618000000| Untracked 
|  52|0x0000000618400000, 0x0000000618400000, 0x0000000618800000|  0%| F|  |TAMS 0x0000000618400000, 0x0000000618400000| Untracked 
|  53|0x0000000618800000, 0x0000000618800000, 0x0000000618c00000|  0%| F|  |TAMS 0x0000000618800000, 0x0000000618800000| Untracked 
|  54|0x0000000618c00000, 0x0000000618c00000, 0x0000000619000000|  0%| F|  |TAMS 0x0000000618c00000, 0x0000000618c00000| Untracked 
|  55|0x0000000619000000, 0x0000000619000000, 0x0000000619400000|  0%| F|  |TAMS 0x0000000619000000, 0x0000000619000000| Untracked 
|  56|0x0000000619400000, 0x0000000619400000, 0x0000000619800000|  0%| F|  |TAMS 0x0000000619400000, 0x0000000619400000| Untracked 
|  57|0x0000000619800000, 0x0000000619800000, 0x0000000619c00000|  0%| F|  |TAMS 0x0000000619800000, 0x0000000619800000| Untracked 
|  58|0x0000000619c00000, 0x0000000619c00000, 0x000000061a000000|  0%| F|  |TAMS 0x0000000619c00000, 0x0000000619c00000| Untracked 
|  59|0x000000061a000000, 0x000000061a000000, 0x000000061a400000|  0%| F|  |TAMS 0x000000061a000000, 0x000000061a000000| Untracked 
|  60|0x000000061a400000, 0x000000061a400000, 0x000000061a800000|  0%| F|  |TAMS 0x000000061a400000, 0x000000061a400000| Untracked 
|  61|0x000000061a800000, 0x000000061a800000, 0x000000061ac00000|  0%| F|  |TAMS 0x000000061a800000, 0x000000061a800000| Untracked 
|  62|0x000000061ac00000, 0x000000061ac00000, 0x000000061b000000|  0%| F|  |TAMS 0x000000061ac00000, 0x000000061ac00000| Untracked 
|  63|0x000000061b000000, 0x000000061b000000, 0x000000061b400000|  0%| F|  |TAMS 0x000000061b000000, 0x000000061b000000| Untracked 
|  64|0x000000061b400000, 0x000000061b400000, 0x000000061b800000|  0%| F|  |TAMS 0x000000061b400000, 0x000000061b400000| Untracked 
|  65|0x000000061b800000, 0x000000061b800000, 0x000000061bc00000|  0%| F|  |TAMS 0x000000061b800000, 0x000000061b800000| Untracked 
|  66|0x000000061bc00000, 0x000000061bc00000, 0x000000061c000000|  0%| F|  |TAMS 0x000000061bc00000, 0x000000061bc00000| Untracked 
|  67|0x000000061c000000, 0x000000061c000000, 0x000000061c400000|  0%| F|  |TAMS 0x000000061c000000, 0x000000061c000000| Untracked 
|  68|0x000000061c400000, 0x000000061c400000, 0x000000061c800000|  0%| F|  |TAMS 0x000000061c400000, 0x000000061c400000| Untracked 
|  69|0x000000061c800000, 0x000000061c800000, 0x000000061cc00000|  0%| F|  |TAMS 0x000000061c800000, 0x000000061c800000| Untracked 
|  70|0x000000061cc00000, 0x000000061cc00000, 0x000000061d000000|  0%| F|  |TAMS 0x000000061cc00000, 0x000000061cc00000| Untracked 
|  71|0x000000061d000000, 0x000000061d000000, 0x000000061d400000|  0%| F|  |TAMS 0x000000061d000000, 0x000000061d000000| Untracked 
|  72|0x000000061d400000, 0x000000061d400000, 0x000000061d800000|  0%| F|  |TAMS 0x000000061d400000, 0x000000061d400000| Untracked 
|  73|0x000000061d800000, 0x000000061d800000, 0x000000061dc00000|  0%| F|  |TAMS 0x000000061d800000, 0x000000061d800000| Untracked 
|  74|0x000000061dc00000, 0x000000061dc00000, 0x000000061e000000|  0%| F|  |TAMS 0x000000061dc00000, 0x000000061dc00000| Untracked 
|  75|0x000000061e000000, 0x000000061e000000, 0x000000061e400000|  0%| F|  |TAMS 0x000000061e000000, 0x000000061e000000| Untracked 
|  76|0x000000061e400000, 0x000000061e400000, 0x000000061e800000|  0%| F|  |TAMS 0x000000061e400000, 0x000000061e400000| Untracked 
|  77|0x000000061e800000, 0x000000061e800000, 0x000000061ec00000|  0%| F|  |TAMS 0x000000061e800000, 0x000000061e800000| Untracked 
|  78|0x000000061ec00000, 0x000000061ec00000, 0x000000061f000000|  0%| F|  |TAMS 0x000000061ec00000, 0x000000061ec00000| Untracked 
|  79|0x000000061f000000, 0x000000061f000000, 0x000000061f400000|  0%| F|  |TAMS 0x000000061f000000, 0x000000061f000000| Untracked 
|  80|0x000000061f400000, 0x000000061f400000, 0x000000061f800000|  0%| F|  |TAMS 0x000000061f400000, 0x000000061f400000| Untracked 
|  81|0x000000061f800000, 0x000000061f800000, 0x000000061fc00000|  0%| F|  |TAMS 0x000000061f800000, 0x000000061f800000| Untracked 
|  82|0x000000061fc00000, 0x000000061fc00000, 0x0000000620000000|  0%| F|  |TAMS 0x000000061fc00000, 0x000000061fc00000| Untracked 
|  83|0x0000000620000000, 0x0000000620000000, 0x0000000620400000|  0%| F|  |TAMS 0x0000000620000000, 0x0000000620000000| Untracked 
|  84|0x0000000620400000, 0x0000000620400000, 0x0000000620800000|  0%| F|  |TAMS 0x0000000620400000, 0x0000000620400000| Untracked 
|  85|0x0000000620800000, 0x0000000620800000, 0x0000000620c00000|  0%| F|  |TAMS 0x0000000620800000, 0x0000000620800000| Untracked 
|  86|0x0000000620c00000, 0x0000000620c00000, 0x0000000621000000|  0%| F|  |TAMS 0x0000000620c00000, 0x0000000620c00000| Untracked 
|  87|0x0000000621000000, 0x0000000621000000, 0x0000000621400000|  0%| F|  |TAMS 0x0000000621000000, 0x0000000621000000| Untracked 
|  88|0x0000000621400000, 0x0000000621400000, 0x0000000621800000|  0%| F|  |TAMS 0x0000000621400000, 0x0000000621400000| Untracked 
|  89|0x0000000621800000, 0x0000000621800000, 0x0000000621c00000|  0%| F|  |TAMS 0x0000000621800000, 0x0000000621800000| Untracked 
|  90|0x0000000621c00000, 0x0000000621c00000, 0x0000000622000000|  0%| F|  |TAMS 0x0000000621c00000, 0x0000000621c00000| Untracked 
|  91|0x0000000622000000, 0x0000000622000000, 0x0000000622400000|  0%| F|  |TAMS 0x0000000622000000, 0x0000000622000000| Untracked 
|  92|0x0000000622400000, 0x0000000622400000, 0x0000000622800000|  0%| F|  |TAMS 0x0000000622400000, 0x0000000622400000| Untracked 
|  93|0x0000000622800000, 0x0000000622800000, 0x0000000622c00000|  0%| F|  |TAMS 0x0000000622800000, 0x0000000622800000| Untracked 
|  94|0x0000000622c00000, 0x0000000622c00000, 0x0000000623000000|  0%| F|  |TAMS 0x0000000622c00000, 0x0000000622c00000| Untracked 
|  95|0x0000000623000000, 0x0000000623000000, 0x0000000623400000|  0%| F|  |TAMS 0x0000000623000000, 0x0000000623000000| Untracked 
|  96|0x0000000623400000, 0x0000000623400000, 0x0000000623800000|  0%| F|  |TAMS 0x0000000623400000, 0x0000000623400000| Untracked 
|  97|0x0000000623800000, 0x0000000623800000, 0x0000000623c00000|  0%| F|  |TAMS 0x0000000623800000, 0x0000000623800000| Untracked 
|  98|0x0000000623c00000, 0x0000000623c00000, 0x0000000624000000|  0%| F|  |TAMS 0x0000000623c00000, 0x0000000623c00000| Untracked 
|  99|0x0000000624000000, 0x0000000624000000, 0x0000000624400000|  0%| F|  |TAMS 0x0000000624000000, 0x0000000624000000| Untracked 
| 100|0x0000000624400000, 0x0000000624400000, 0x0000000624800000|  0%| F|  |TAMS 0x0000000624400000, 0x0000000624400000| Untracked 
| 101|0x0000000624800000, 0x0000000624800000, 0x0000000624c00000|  0%| F|  |TAMS 0x0000000624800000, 0x0000000624800000| Untracked 
| 102|0x0000000624c00000, 0x0000000624c00000, 0x0000000625000000|  0%| F|  |TAMS 0x0000000624c00000, 0x0000000624c00000| Untracked 
| 103|0x0000000625000000, 0x0000000625000000, 0x0000000625400000|  0%| F|  |TAMS 0x0000000625000000, 0x0000000625000000| Untracked 
| 104|0x0000000625400000, 0x0000000625400000, 0x0000000625800000|  0%| F|  |TAMS 0x0000000625400000, 0x0000000625400000| Untracked 
| 105|0x0000000625800000, 0x0000000625800000, 0x0000000625c00000|  0%| F|  |TAMS 0x0000000625800000, 0x0000000625800000| Untracked 
| 106|0x0000000625c00000, 0x0000000625c00000, 0x0000000626000000|  0%| F|  |TAMS 0x0000000625c00000, 0x0000000625c00000| Untracked 
| 107|0x0000000626000000, 0x0000000626000000, 0x0000000626400000|  0%| F|  |TAMS 0x0000000626000000, 0x0000000626000000| Untracked 
| 108|0x0000000626400000, 0x0000000626400000, 0x0000000626800000|  0%| F|  |TAMS 0x0000000626400000, 0x0000000626400000| Untracked 
| 109|0x0000000626800000, 0x0000000626800000, 0x0000000626c00000|  0%| F|  |TAMS 0x0000000626800000, 0x0000000626800000| Untracked 
| 110|0x0000000626c00000, 0x0000000626c00000, 0x0000000627000000|  0%| F|  |TAMS 0x0000000626c00000, 0x0000000626c00000| Untracked 
| 111|0x0000000627000000, 0x0000000627000000, 0x0000000627400000|  0%| F|  |TAMS 0x0000000627000000, 0x0000000627000000| Untracked 
| 112|0x0000000627400000, 0x0000000627400000, 0x0000000627800000|  0%| F|  |TAMS 0x0000000627400000, 0x0000000627400000| Untracked 
| 113|0x0000000627800000, 0x0000000627800000, 0x0000000627c00000|  0%| F|  |TAMS 0x0000000627800000, 0x0000000627800000| Untracked 
| 114|0x0000000627c00000, 0x0000000627c00000, 0x0000000628000000|  0%| F|  |TAMS 0x0000000627c00000, 0x0000000627c00000| Untracked 
| 115|0x0000000628000000, 0x0000000628000000, 0x0000000628400000|  0%| F|  |TAMS 0x0000000628000000, 0x0000000628000000| Untracked 
| 116|0x0000000628400000, 0x0000000628400000, 0x0000000628800000|  0%| F|  |TAMS 0x0000000628400000, 0x0000000628400000| Untracked 
| 117|0x0000000628800000, 0x0000000628800000, 0x0000000628c00000|  0%| F|  |TAMS 0x0000000628800000, 0x0000000628800000| Untracked 
| 118|0x0000000628c00000, 0x0000000628c00000, 0x0000000629000000|  0%| F|  |TAMS 0x0000000628c00000, 0x0000000628c00000| Untracked 
| 119|0x0000000629000000, 0x0000000629000000, 0x0000000629400000|  0%| F|  |TAMS 0x0000000629000000, 0x0000000629000000| Untracked 
| 120|0x0000000629400000, 0x0000000629400000, 0x0000000629800000|  0%| F|  |TAMS 0x0000000629400000, 0x0000000629400000| Untracked 
| 121|0x0000000629800000, 0x0000000629800000, 0x0000000629c00000|  0%| F|  |TAMS 0x0000000629800000, 0x0000000629800000| Untracked 
| 122|0x0000000629c00000, 0x0000000629c00000, 0x000000062a000000|  0%| F|  |TAMS 0x0000000629c00000, 0x0000000629c00000| Untracked 
| 123|0x000000062a000000, 0x000000062a000800, 0x000000062a400000|  0%| E|  |TAMS 0x000000062a000000, 0x000000062a000000| Complete 
| 124|0x000000062a400000, 0x000000062a800000, 0x000000062a800000|100%| E|CS|TAMS 0x000000062a400000, 0x000000062a400000| Complete 
| 125|0x000000062a800000, 0x000000062ac00000, 0x000000062ac00000|100%| E|CS|TAMS 0x000000062a800000, 0x000000062a800000| Complete 
|2001|0x00000007ff800000, 0x00000007ffb76000, 0x00000007ffc00000| 86%|OA|  |TAMS 0x00000007ff800000, 0x00000007ff800000| Untracked 
|2002|0x00000007ffc00000, 0x00000007ffc89000, 0x0000000800000000| 13%|CA|  |TAMS 0x00000007ffc00000, 0x00000007ffc00000| Untracked 

Card table byte_map: [0x00007f3fc75f3000,0x00007f3fc8599000] _byte_map_base: 0x00007f3fc4599000

Marking Bits (Prev, Next): (CMBitMap*) 0x00007f3fe005a280, (CMBitMap*) 0x00007f3fe005a2c0
 Prev Bits: [0x00007f3fbe91d000, 0x00007f3fc664d000)
 Next Bits: [0x00007f3fb6bed000, 0x00007f3fbe91d000)

Polling page: 0x00007f3fe80db000

Metaspace:

Usage:
  Non-class:      2.34 MB used.
      Class:    171.43 KB used.
       Both:      2.51 MB used.

Virtual space:
  Non-class space:        8.00 MB reserved,       2.38 MB ( 30%) committed,  1 nodes.
      Class space:        1.00 GB reserved,     256.00 KB ( <1%) committed,  1 nodes.
              Both:        1.01 GB reserved,       2.62 MB ( <1%) committed. 

Chunk freelists:
   Non-Class:  2.83 MB
       Class:  3.66 MB
        Both:  6.48 MB

MaxMetaspaceSize: 17179869184.00 GB
CompressedClassSpaceSize: 1.00 GB
 - commit_granule_bytes: 65536.
 - commit_granule_words: 8192.
 - virtual_space_node_default_size: 1048576.
 - enlarge_chunks_in_place: 1.
 - new_chunks_are_fully_committed: 0.
 - uncommit_free_chunks: 1.
 - use_allocation_guard: 0.
 - handle_deallocations: 1.


Internal statistics:

num_allocs_failed_limit: 0.
num_arena_births: 40.
num_arena_deaths: 0.
num_vsnodes_births: 2.
num_vsnodes_deaths: 0.
num_space_committed: 42.
num_space_uncommitted: 0.
num_chunks_returned_to_freelist: 0.
num_chunks_taken_from_freelist: 101.
num_chunk_merges: 0.
num_chunk_splits: 68.
num_chunks_enlarged: 49.
num_purges: 0.

CodeHeap 'non-profiled nmethods': size=120028Kb used=120Kb max_used=120Kb free=119907Kb
 bounds [0x00007f3fd0062000, 0x00007f3fd02d2000, 0x00007f3fd7599000]
CodeHeap 'profiled nmethods': size=120028Kb used=557Kb max_used=557Kb free=119470Kb
 bounds [0x00007f3fc8b2b000, 0x00007f3fc8d9b000, 0x00007f3fd0062000]
CodeHeap 'non-nmethods': size=5704Kb used=1567Kb max_used=1579Kb free=4136Kb
 bounds [0x00007f3fc8599000, 0x00007f3fc8809000, 0x00007f3fc8b2b000]
 total_blobs=1303 nmethods=392 adapters=825
 compilation: enabled
              stopped_count=0, restarted_count=0
 full_count=0

Compilation events (20 events):
Event: 7.432 Thread 0x00007f3fe0171ff0  382       4       java.util.concurrent.ConcurrentHashMap::tabAt (22 bytes)
Event: 7.433 Thread 0x00007f3fe0173650  383       3       java.lang.reflect.Modifier::isPublic (12 bytes)
Event: 7.433 Thread 0x00007f3fe0173650 nmethod 383 0x00007f3fc8bb4310 code [0x00007f3fc8bb44a0, 0x00007f3fc8bb45f0]
Event: 7.433 Thread 0x00007f3fe0173650  384       1       java.lang.invoke.MethodTypeForm::basicType (5 bytes)
Event: 7.433 Thread 0x00007f3fe0173650 nmethod 384 0x00007f3fd007f510 code [0x00007f3fd007f6a0, 0x00007f3fd007f770]
Event: 7.433 Thread 0x00007f3fe0173650  386       3       java.lang.ref.SoftReference::get (29 bytes)
Event: 7.433 Thread 0x00007f3fe0171ff0 nmethod 382 0x00007f3fd007f810 code [0x00007f3fd007f980, 0x00007f3fd007f9f8]
Event: 7.433 Thread 0x00007f3fe0173650 nmethod 386 0x00007f3fc8bb4690 code [0x00007f3fc8bb4840, 0x00007f3fc8bb4a10]
Event: 7.434 Thread 0x00007f3fe0173650  387       3       java.util.jar.JarFile::maybeInstantiateVerifier (42 bytes)
Event: 7.434 Thread 0x00007f3fe0173650 nmethod 387 0x00007f3fc8bb4a90 code [0x00007f3fc8bb4c60, 0x00007f3fc8bb4ff0]
Event: 7.435 Thread 0x00007f3fe0173650  388       1       java.net.URLStreamHandler::getDefaultPort (2 bytes)
Event: 7.435 Thread 0x00007f3fe0173650 nmethod 388 0x00007f3fd007fb10 code [0x00007f3fd007fca0, 0x00007f3fd007fd70]
Event: 7.435 Thread 0x00007f3fe0173650  389       3       java.lang.Integer::stringSize (47 bytes)
Event: 7.435 Thread 0x00007f3fe0173650 nmethod 389 0x00007f3fc8bb5110 code [0x00007f3fc8bb52c0, 0x00007f3fc8bb5510]
Event: 7.435 Thread 0x00007f3fe0173650  390       3       java.lang.Integer::getChars (131 bytes)
Event: 7.436 Thread 0x00007f3fe0173650 nmethod 390 0x00007f3fc8bb5610 code [0x00007f3fc8bb57e0, 0x00007f3fc8bb5c30]
Event: 7.436 Thread 0x00007f3fe0173650  391       3       java.lang.AbstractStringBuilder::append (55 bytes)
Event: 7.436 Thread 0x00007f3fe0173650 nmethod 391 0x00007f3fc8bb5f10 code [0x00007f3fc8bb6100, 0x00007f3fc8bb6430]
Event: 7.436 Thread 0x00007f3fe0173650  392       1       org.lwjgl.system.Pointer$Default::address (5 bytes)
Event: 7.436 Thread 0x00007f3fe0173650 nmethod 392 0x00007f3fd007fe10 code [0x00007f3fd007ffa0, 0x00007f3fd0080070]

GC Heap History (0 events):
No events

Deoptimization events (20 events):
Event: 0.074 Thread 0x00007f3fe00232d0 DEOPT PACKING pc=0x00007f3fc8b2ecac sp=0x00007f3fe6a02410
Event: 0.074 Thread 0x00007f3fe00232d0 DEOPT UNPACKING pc=0x00007f3fc85e6bba sp=0x00007f3fe6a018f0 mode 0
Event: 0.074 Thread 0x00007f3fe00232d0 DEOPT PACKING pc=0x00007f3fc8b2e329 sp=0x00007f3fe6a023b0
Event: 0.074 Thread 0x00007f3fe00232d0 DEOPT UNPACKING pc=0x00007f3fc85e6bba sp=0x00007f3fe6a01910 mode 0
Event: 0.074 Thread 0x00007f3fe00232d0 DEOPT PACKING pc=0x00007f3fc8b2ecac sp=0x00007f3fe6a02410
Event: 0.074 Thread 0x00007f3fe00232d0 DEOPT UNPACKING pc=0x00007f3fc85e6bba sp=0x00007f3fe6a018f0 mode 0
Event: 0.074 Thread 0x00007f3fe00232d0 DEOPT PACKING pc=0x00007f3fc8b2e329 sp=0x00007f3fe6a023b0
Event: 0.074 Thread 0x00007f3fe00232d0 DEOPT UNPACKING pc=0x00007f3fc85e6bba sp=0x00007f3fe6a01910 mode 0
Event: 0.074 Thread 0x00007f3fe00232d0 DEOPT PACKING pc=0x00007f3fc8b2ecac sp=0x00007f3fe6a02410
Event: 0.074 Thread 0x00007f3fe00232d0 DEOPT UNPACKING pc=0x00007f3fc85e6bba sp=0x00007f3fe6a018f0 mode 0
Event: 0.074 Thread 0x00007f3fe00232d0 DEOPT PACKING pc=0x00007f3fc8b2e329 sp=0x00007f3fe6a023b0
Event: 0.074 Thread 0x00007f3fe00232d0 DEOPT UNPACKING pc=0x00007f3fc85e6bba sp=0x00007f3fe6a01910 mode 0
Event: 0.074 Thread 0x00007f3fe00232d0 DEOPT PACKING pc=0x00007f3fc8b2ecac sp=0x00007f3fe6a02410
Event: 0.074 Thread 0x00007f3fe00232d0 DEOPT UNPACKING pc=0x00007f3fc85e6bba sp=0x00007f3fe6a018f0 mode 0
Event: 0.074 Thread 0x00007f3fe00232d0 DEOPT PACKING pc=0x00007f3fc8b2e329 sp=0x00007f3fe6a023b0
Event: 0.074 Thread 0x00007f3fe00232d0 DEOPT UNPACKING pc=0x00007f3fc85e6bba sp=0x00007f3fe6a01910 mode 0
Event: 0.090 Thread 0x00007f3fe00232d0 Uncommon trap: trap_request=0xffffff45 fr.pc=0x00007f3fd006576c relative=0x00000000000000cc
Event: 0.090 Thread 0x00007f3fe00232d0 Uncommon trap: reason=unstable_if action=reinterpret pc=0x00007f3fd006576c method=java.util.zip.ZipFile$Source.isMetaName([BII)Z @ 3 c2
Event: 0.090 Thread 0x00007f3fe00232d0 DEOPT PACKING pc=0x00007f3fd006576c sp=0x00007f3fe6a02260
Event: 0.090 Thread 0x00007f3fe00232d0 DEOPT UNPACKING pc=0x00007f3fc85e6424 sp=0x00007f3fe6a02228 mode 2

Classes unloaded (0 events):
No events

Classes redefined (0 events):
No events

Internal exceptions (10 events):
Event: 0.128 Thread 0x00007f3fe00232d0 Exception <a 'java/lang/NoSuchMethodError'{0x000000062abad9d8}: 'void java.lang.invoke.DirectMethodHandle$Holder.invokeStatic(java.lang.Object, java.lang.Object)'> (0x000000062abad9d8) 
thrown [src/hotspot/share/interpreter/linkResolver.cpp, line 789]
Event: 0.129 Thread 0x00007f3fe00232d0 Exception <a 'java/lang/NoSuchMethodError'{0x000000062abb2ee8}: 'void java.lang.invoke.DirectMethodHandle$Holder.invokeSpecial(java.lang.Object, java.lang.Object, java.lang.Object)'> (0x000000062abb2ee8) 
thrown [src/hotspot/share/interpreter/linkResolver.cpp, line 789]
Event: 0.132 Thread 0x00007f3fe00232d0 Exception <a 'java/lang/NoSuchMethodError'{0x000000062abc7208}: 'java.lang.Object java.lang.invoke.DirectMethodHandle$Holder.invokeStatic(java.lang.Object, java.lang.Object, int)'> (0x000000062abc7208) 
thrown [src/hotspot/share/interpreter/linkResolver.cpp, line 789]
Event: 0.134 Thread 0x00007f3fe00232d0 Exception <a 'java/lang/NoSuchMethodError'{0x000000062abd3378}: 'void java.lang.invoke.DelegatingMethodHandle$Holder.delegate(java.lang.Object, java.lang.Object, int, java.lang.Object)'> (0x000000062abd3378) 
thrown [src/hotspot/share/interpreter/linkResolver.cpp, line 789]
Event: 0.134 Thread 0x00007f3fe00232d0 Exception <a 'java/lang/NoSuchMethodError'{0x000000062abd76a0}: 'int java.lang.invoke.DirectMethodHandle$Holder.invokeSpecial(java.lang.Object, java.lang.Object, java.lang.Object)'> (0x000000062abd76a0) 
thrown [src/hotspot/share/interpreter/linkResolver.cpp, line 789]
Event: 0.169 Thread 0x00007f3fe00232d0 Exception <a 'sun/nio/fs/UnixException'{0x000000062a519f20}> (0x000000062a519f20) 
thrown [src/hotspot/share/prims/jni.cpp, line 580]
Event: 0.198 Thread 0x00007f3fe00232d0 Exception <a 'sun/nio/fs/UnixException'{0x000000062a5b85b0}> (0x000000062a5b85b0) 
thrown [src/hotspot/share/prims/jni.cpp, line 580]
Event: 0.205 Thread 0x00007f3fe00232d0 Exception <a 'java/lang/NoSuchMethodError'{0x000000062a5eba08}: 'java.lang.Object java.lang.invoke.DirectMethodHandle$Holder.invokeStatic(java.lang.Object)'> (0x000000062a5eba08) 
thrown [src/hotspot/share/interpreter/linkResolver.cpp, line 789]
Event: 0.206 Thread 0x00007f3fe00232d0 Exception <a 'java/lang/NoSuchMethodError'{0x000000062a5ef2b8}: 'java.lang.Object java.lang.invoke.DirectMethodHandle$Holder.invokeStaticInit(java.lang.Object)'> (0x000000062a5ef2b8) 
thrown [src/hotspot/share/interpreter/linkResolver.cpp, line 789]
Event: 7.426 Thread 0x00007f3fe00232d0 Exception <a 'sun/nio/fs/UnixException'{0x000000062a703828}> (0x000000062a703828) 
thrown [src/hotspot/share/prims/jni.cpp, line 580]

Events (20 events):
Event: 2.139 Executing  VM operation: get/set locals
Event: 2.139 Executing  VM operation: get/set locals done
Event: 3.083 Executing  VM operation: get/set locals
Event: 3.083 Executing  VM operation: get/set locals done
Event: 7.409 Executing  VM operation: ChangeBreakpoints
Event: 7.409 Executing  VM operation: ChangeBreakpoints done
Event: 7.409 Thread 0x00007f3f70001110 Thread exited: 0x00007f3f70001110
Event: 7.409 Executing  VM operation: ChangeBreakpoints
Event: 7.409 Executing  VM operation: ChangeBreakpoints done
Event: 7.409 Executing  VM operation: ChangeBreakpoints
Event: 7.409 Executing  VM operation: ChangeBreakpoints done
Event: 7.411 Thread 0x00007f3fe0193cc0 Thread exited: 0x00007f3fe0193cc0
Event: 7.429 loading class jdk/internal/misc/Signal$1
Event: 7.443 loading class jdk/internal/misc/Signal$1 done
Event: 7.443 Thread 0x00007f3f880010f0 Thread added: 0x00007f3f880010f0
Event: 7.443 Protecting memory [0x00007f3f9e71b000,0x00007f3f9e71f000] with protection modes 0
Event: 7.443 Thread 0x00007f3f70001110 Thread added: 0x00007f3f70001110
Event: 7.443 Protecting memory [0x00007f3f9e519000,0x00007f3f9e51d000] with protection modes 0
Event: 7.460 Thread 0x00007f3f70001110 Thread exited: 0x00007f3f70001110
Event: 7.469 Executing  VM operation: Exit


Dynamic libraries:
60b400000-62ac00000 rw-p 00000000 00:00 0 
62ac00000-7ff800000 ---p 00000000 00:00 0 
7ff800000-7ffb00000 rw-p 00000000 00:00 0 
7ffb00000-7ffb76000 rw-p 00cc1000 103:02 25821913                        /jvm/openjdk-17-internal/lib/server/classes.jsa
7ffb76000-7ffc00000 rw-p 00000000 00:00 0 
7ffc00000-7ffc89000 rw-p 00c38000 103:02 25821913                        /jvm/openjdk-17-internal/lib/server/classes.jsa
7ffc89000-800000000 rw-p 00000000 00:00 0 
800000000-800003000 rwxp 00001000 103:02 25821913                        /jvm/openjdk-17-internal/lib/server/classes.jsa
800003000-800bff000 rw-p 00004000 103:02 25821913                        /jvm/openjdk-17-internal/lib/server/classes.jsa
800bff000-800c00000 ---p 00000000 00:00 0 
800c00000-800c20000 rw-p 00000000 00:00 0 
800c20000-800c40000 ---p 00000000 00:00 0 
800c40000-800c60000 rw-p 00000000 00:00 0 
800c60000-840c00000 ---p 00000000 00:00 0 
561a12f8d000-561a12f8e000 r--p 00000000 103:02 25821188                  /jvm/openjdk-17-internal/bin/java
561a12f8e000-561a12f8f000 r-xp 00001000 103:02 25821188                  /jvm/openjdk-17-internal/bin/java
561a12f8f000-561a12f90000 r--p 00002000 103:02 25821188                  /jvm/openjdk-17-internal/bin/java
561a12f90000-561a12f91000 r--p 00002000 103:02 25821188                  /jvm/openjdk-17-internal/bin/java
561a12f91000-561a12f92000 rw-p 00003000 103:02 25821188                  /jvm/openjdk-17-internal/bin/java
561a14c08000-561a14c29000 rw-p 00000000 00:00 0                          [heap]
7f3f5093a000-7f3f55430000 r-xp 00000000 103:02 4988083                   /usr/lib/x86_64-linux-gnu/libLLVM-11.so.1
7f3f55430000-7f3f55431000 ---p 04af6000 103:02 4988083                   /usr/lib/x86_64-linux-gnu/libLLVM-11.so.1
7f3f55431000-7f3f5586c000 r--p 04af6000 103:02 4988083                   /usr/lib/x86_64-linux-gnu/libLLVM-11.so.1
7f3f5586c000-7f3f55873000 rw-p 04f31000 103:02 4988083                   /usr/lib/x86_64-linux-gnu/libLLVM-11.so.1
7f3f55873000-7f3f558de000 rw-p 00000000 00:00 0 
7f3f558de000-7f3f55988000 r--p 00000000 103:02 4997872                   /usr/lib/x86_64-linux-gnu/libvulkan_radeon.so
7f3f55988000-7f3f55c75000 r-xp 000aa000 103:02 4997872                   /usr/lib/x86_64-linux-gnu/libvulkan_radeon.so
7f3f55c75000-7f3f55dd2000 r--p 00397000 103:02 4997872                   /usr/lib/x86_64-linux-gnu/libvulkan_radeon.so
7f3f55dd2000-7f3f55e5f000 r--p 004f3000 103:02 4997872                   /usr/lib/x86_64-linux-gnu/libvulkan_radeon.so
7f3f55e5f000-7f3f55ee3000 rw-p 00580000 103:02 4997872                   /usr/lib/x86_64-linux-gnu/libvulkan_radeon.so
7f3f55ee3000-7f3f55f18000 rw-p 00000000 00:00 0 
7f3f55f18000-7f3f55fae000 r--p 00000000 103:02 4989344                   /usr/lib/x86_64-linux-gnu/libstdc++.so.6.0.28
7f3f55fae000-7f3f5609e000 r-xp 00096000 103:02 4989344                   /usr/lib/x86_64-linux-gnu/libstdc++.so.6.0.28
7f3f5609e000-7f3f560e7000 r--p 00186000 103:02 4989344                   /usr/lib/x86_64-linux-gnu/libstdc++.so.6.0.28
7f3f560e7000-7f3f560e8000 ---p 001cf000 103:02 4989344                   /usr/lib/x86_64-linux-gnu/libstdc++.so.6.0.28
7f3f560e8000-7f3f560f3000 r--p 001cf000 103:02 4989344                   /usr/lib/x86_64-linux-gnu/libstdc++.so.6.0.28
7f3f560f3000-7f3f560f6000 rw-p 001da000 103:02 4989344                   /usr/lib/x86_64-linux-gnu/libstdc++.so.6.0.28
7f3f560f6000-7f3f560f9000 rw-p 00000000 00:00 0 
7f3f560f9000-7f3f57287000 r-xp 00000000 103:02 4986810                   /usr/lib/x86_64-linux-gnu/libnvidia-glcore.so.460.32.03
7f3f57287000-7f3f572a8000 rwxp 0118e000 103:02 4986810                   /usr/lib/x86_64-linux-gnu/libnvidia-glcore.so.460.32.03
7f3f572a8000-7f3f577b8000 r-xp 011af000 103:02 4986810                   /usr/lib/x86_64-linux-gnu/libnvidia-glcore.so.460.32.03
7f3f577b8000-7f3f579b7000 ---p 016bf000 103:02 4986810                   /usr/lib/x86_64-linux-gnu/libnvidia-glcore.so.460.32.03
7f3f579b7000-7f3f57ef3000 r--p 016be000 103:02 4986810                   /usr/lib/x86_64-linux-gnu/libnvidia-glcore.so.460.32.03
7f3f57ef3000-7f3f57fe2000 rw-p 01bfa000 103:02 4986810                   /usr/lib/x86_64-linux-gnu/libnvidia-glcore.so.460.32.03
7f3f57fe2000-7f3f58000000 rw-p 00000000 00:00 0 
7f3f58000000-7f3f58044000 rw-p 00000000 00:00 0 
7f3f58044000-7f3f5c000000 ---p 00000000 00:00 0 
7f3f5c000000-7f3f5c063000 rw-p 00000000 00:00 0 
7f3f5c063000-7f3f60000000 ---p 00000000 00:00 0 
7f3f60000000-7f3f60021000 rw-p 00000000 00:00 0 
7f3f60021000-7f3f64000000 ---p 00000000 00:00 0 
7f3f64000000-7f3f64021000 rw-p 00000000 00:00 0 
7f3f64021000-7f3f68000000 ---p 00000000 00:00 0 
7f3f68000000-7f3f68021000 rw-p 00000000 00:00 0 
7f3f68021000-7f3f6c000000 ---p 00000000 00:00 0 
7f3f6c000000-7f3f6c021000 rw-p 00000000 00:00 0 
7f3f6c021000-7f3f70000000 ---p 00000000 00:00 0 
7f3f70000000-7f3f70021000 rw-p 00000000 00:00 0 
7f3f70021000-7f3f74000000 ---p 00000000 00:00 0 
7f3f74000000-7f3f74021000 rw-p 00000000 00:00 0 
7f3f74021000-7f3f78000000 ---p 00000000 00:00 0 
7f3f78000000-7f3f780d1000 rw-p 00000000 00:00 0 
7f3f780d1000-7f3f7c000000 ---p 00000000 00:00 0 
7f3f7c000000-7f3f7c021000 rw-p 00000000 00:00 0 
7f3f7c021000-7f3f80000000 ---p 00000000 00:00 0 
7f3f80000000-7f3f80021000 rw-p 00000000 00:00 0 
7f3f80021000-7f3f84000000 ---p 00000000 00:00 0 
7f3f84000000-7f3f84143000 rw-p 00000000 00:00 0 
7f3f84143000-7f3f88000000 ---p 00000000 00:00 0 
7f3f88000000-7f3f88021000 rw-p 00000000 00:00 0 
7f3f88021000-7f3f8c000000 ---p 00000000 00:00 0 
7f3f8c000000-7f3f8c021000 rw-p 00000000 00:00 0 
7f3f8c021000-7f3f90000000 ---p 00000000 00:00 0 
7f3f90000000-7f3f90021000 rw-p 00000000 00:00 0 
7f3f90021000-7f3f94000000 ---p 00000000 00:00 0 
7f3f94000000-7f3f94021000 rw-p 00000000 00:00 0 
7f3f94021000-7f3f98000000 ---p 00000000 00:00 0 
7f3f98000000-7f3f98021000 rw-p 00000000 00:00 0 
7f3f98021000-7f3f9c000000 ---p 00000000 00:00 0 
7f3f9c042000-7f3f9c045000 r--p 00000000 103:02 4988557                   /usr/lib/x86_64-linux-gnu/libgcc_s.so.1
7f3f9c045000-7f3f9c057000 r-xp 00003000 103:02 4988557                   /usr/lib/x86_64-linux-gnu/libgcc_s.so.1
7f3f9c057000-7f3f9c05b000 r--p 00015000 103:02 4988557                   /usr/lib/x86_64-linux-gnu/libgcc_s.so.1
7f3f9c05b000-7f3f9c05c000 r--p 00018000 103:02 4988557                   /usr/lib/x86_64-linux-gnu/libgcc_s.so.1
7f3f9c05c000-7f3f9c05d000 rw-p 00019000 103:02 4988557                   /usr/lib/x86_64-linux-gnu/libgcc_s.so.1
7f3f9c05d000-7f3f9c061000 r--p 00000000 103:02 4989620                   /usr/lib/x86_64-linux-gnu/libzstd.so.1.4.5
7f3f9c061000-7f3f9c119000 r-xp 00004000 103:02 4989620                   /usr/lib/x86_64-linux-gnu/libzstd.so.1.4.5
7f3f9c119000-7f3f9c12b000 r--p 000bc000 103:02 4989620                   /usr/lib/x86_64-linux-gnu/libzstd.so.1.4.5
7f3f9c12b000-7f3f9c12c000 r--p 000cd000 103:02 4989620                   /usr/lib/x86_64-linux-gnu/libzstd.so.1.4.5
7f3f9c12c000-7f3f9c12d000 rw-p 000ce000 103:02 4989620                   /usr/lib/x86_64-linux-gnu/libzstd.so.1.4.5
7f3f9c12d000-7f3f9c12e000 r-xp 00000000 103:02 4989604                   /usr/lib/x86_64-linux-gnu/libxshmfence.so.1.0.0
7f3f9c12e000-7f3f9c32d000 ---p 00001000 103:02 4989604                   /usr/lib/x86_64-linux-gnu/libxshmfence.so.1.0.0
7f3f9c32d000-7f3f9c32e000 r--p 00000000 103:02 4989604                   /usr/lib/x86_64-linux-gnu/libxshmfence.so.1.0.0
7f3f9c32e000-7f3f9c32f000 rw-p 00001000 103:02 4989604                   /usr/lib/x86_64-linux-gnu/libxshmfence.so.1.0.0
7f3f9c32f000-7f3f9c333000 r--p 00000000 103:02 4988491                   /usr/lib/x86_64-linux-gnu/libexpat.so.1.6.11
7f3f9c333000-7f3f9c34f000 r-xp 00004000 103:02 4988491                   /usr/lib/x86_64-linux-gnu/libexpat.so.1.6.11
7f3f9c34f000-7f3f9c359000 r--p 00020000 103:02 4988491                   /usr/lib/x86_64-linux-gnu/libexpat.so.1.6.11
7f3f9c359000-7f3f9c35a000 ---p 0002a000 103:02 4988491                   /usr/lib/x86_64-linux-gnu/libexpat.so.1.6.11
7f3f9c35a000-7f3f9c35c000 r--p 0002a000 103:02 4988491                   /usr/lib/x86_64-linux-gnu/libexpat.so.1.6.11
7f3f9c35c000-7f3f9c35d000 rw-p 0002c000 103:02 4988491                   /usr/lib/x86_64-linux-gnu/libexpat.so.1.6.11
7f3f9c35d000-7f3f9c412000 r--p 00000000 103:02 4997871                   /usr/lib/x86_64-linux-gnu/libvulkan_intel.so
7f3f9c412000-7f3f9c886000 r-xp 000b5000 103:02 4997871                   /usr/lib/x86_64-linux-gnu/libvulkan_intel.so
7f3f9c886000-7f3f9c9e5000 r--p 00529000 103:02 4997871                   /usr/lib/x86_64-linux-gnu/libvulkan_intel.so
7f3f9c9e5000-7f3f9c9e6000 ---p 00688000 103:02 4997871                   /usr/lib/x86_64-linux-gnu/libvulkan_intel.so
7f3f9c9e6000-7f3f9ca91000 r--p 00688000 103:02 4997871                   /usr/lib/x86_64-linux-gnu/libvulkan_intel.so
7f3f9ca91000-7f3f9cb0d000 rw-p 00733000 103:02 4997871                   /usr/lib/x86_64-linux-gnu/libvulkan_intel.so
7f3f9cb0d000-7f3f9cb42000 rw-p 00000000 00:00 0 
7f3f9cb42000-7f3f9cb51000 r--p 00000000 103:02 4989495                   /usr/lib/x86_64-linux-gnu/libvulkan.so.1.2.141
7f3f9cb51000-7f3f9cb85000 r-xp 0000f000 103:02 4989495                   /usr/lib/x86_64-linux-gnu/libvulkan.so.1.2.141
7f3f9cb85000-7f3f9cb99000 r--p 00043000 103:02 4989495                   /usr/lib/x86_64-linux-gnu/libvulkan.so.1.2.141
7f3f9cb99000-7f3f9cb9a000 r--p 00056000 103:02 4989495                   /usr/lib/x86_64-linux-gnu/libvulkan.so.1.2.141
7f3f9cb9a000-7f3f9cb9b000 rw-p 00057000 103:02 4989495                   /usr/lib/x86_64-linux-gnu/libvulkan.so.1.2.141
7f3f9cba6000-7f3f9cbad000 r--p 00000000 103:02 4989564                   /usr/lib/x86_64-linux-gnu/libxcb-randr.so.0.1.0
7f3f9cbad000-7f3f9cbb3000 r-xp 00007000 103:02 4989564                   /usr/lib/x86_64-linux-gnu/libxcb-randr.so.0.1.0
7f3f9cbb3000-7f3f9cbb6000 r--p 0000d000 103:02 4989564                   /usr/lib/x86_64-linux-gnu/libxcb-randr.so.0.1.0
7f3f9cbb6000-7f3f9cbb7000 ---p 00010000 103:02 4989564                   /usr/lib/x86_64-linux-gnu/libxcb-randr.so.0.1.0
7f3f9cbb7000-7f3f9cbb8000 r--p 00010000 103:02 4989564                   /usr/lib/x86_64-linux-gnu/libxcb-randr.so.0.1.0
7f3f9cbb8000-7f3f9cbb9000 rw-p 00011000 103:02 4989564                   /usr/lib/x86_64-linux-gnu/libxcb-randr.so.0.1.0
7f3f9cbb9000-7f3f9cbbc000 r--p 00000000 103:02 4989576                   /usr/lib/x86_64-linux-gnu/libxcb-sync.so.1.0.0
7f3f9cbbc000-7f3f9cbbf000 r-xp 00003000 103:02 4989576                   /usr/lib/x86_64-linux-gnu/libxcb-sync.so.1.0.0
7f3f9cbbf000-7f3f9cbc0000 r--p 00006000 103:02 4989576                   /usr/lib/x86_64-linux-gnu/libxcb-sync.so.1.0.0
7f3f9cbc0000-7f3f9cbc1000 ---p 00007000 103:02 4989576                   /usr/lib/x86_64-linux-gnu/libxcb-sync.so.1.0.0
7f3f9cbc1000-7f3f9cbc2000 r--p 00007000 103:02 4989576                   /usr/lib/x86_64-linux-gnu/libxcb-sync.so.1.0.0
7f3f9cbc2000-7f3f9cbc3000 rw-p 00008000 103:02 4989576                   /usr/lib/x86_64-linux-gnu/libxcb-sync.so.1.0.0
7f3f9cbc4000-7f3f9cbc6000 r--p 00000000 103:02 4988505                   /usr/lib/x86_64-linux-gnu/libffi.so.8.1.0
7f3f9cbc6000-7f3f9cbcc000 r-xp 00002000 103:02 4988505                   /usr/lib/x86_64-linux-gnu/libffi.so.8.1.0
7f3f9cbcc000-7f3f9cbce000 r--p 00008000 103:02 4988505                   /usr/lib/x86_64-linux-gnu/libffi.so.8.1.0
7f3f9cbce000-7f3f9cbcf000 r--p 00009000 103:02 4988505                   /usr/lib/x86_64-linux-gnu/libffi.so.8.1.0
7f3f9cbcf000-7f3f9cbd0000 rw-p 0000a000 103:02 4988505                   /usr/lib/x86_64-linux-gnu/libffi.so.8.1.0
7f3f9cbd0000-7f3f9cbd5000 r--p 00000000 103:02 4989503                   /usr/lib/x86_64-linux-gnu/libwayland-client.so.0.3.0
7f3f9cbd5000-7f3f9cbdb000 r-xp 00005000 103:02 4989503                   /usr/lib/x86_64-linux-gnu/libwayland-client.so.0.3.0
7f3f9cbdb000-7f3f9cbde000 r--p 0000b000 103:02 4989503                   /usr/lib/x86_64-linux-gnu/libwayland-client.so.0.3.0
7f3f9cbde000-7f3f9cbe0000 r--p 0000d000 103:02 4989503                   /usr/lib/x86_64-linux-gnu/libwayland-client.so.0.3.0
7f3f9cbe0000-7f3f9cbe1000 rw-p 0000f000 103:02 4989503                   /usr/lib/x86_64-linux-gnu/libwayland-client.so.0.3.0
7f3f9cbe1000-7f3f9cc61000 rw-s 00000000 00:05 632                        /dev/nvidiactl
7f3f9cc61000-7f3f9cd61000 rw-s 00000000 00:05 632                        /dev/nvidiactl
7f3f9cd61000-7f3f9cda1000 rw-s 00000000 00:05 632                        /dev/nvidiactl
7f3f9cda1000-7f3f9cdc1000 rw-s 00000000 00:05 632                        /dev/nvidiactl
7f3f9cdc1000-7f3f9ce01000 rw-s 00000000 00:05 632                        /dev/nvidiactl
7f3f9ce01000-7f3f9ce21000 rw-s 00000000 00:05 632                        /dev/nvidiactl
7f3f9ce21000-7f3f9cea1000 rw-s 00000000 00:05 633                        /dev/nvidia0
7f3f9cea1000-7f3f9cee1000 rw-s 00000000 00:05 632                        /dev/nvidiactl
7f3f9cf00000-7f3f9cf01000 r--p 00000000 103:02 7473420                   /usr/share/locale-langpack/en_AU/LC_MESSAGES/libc.mo
7f3f9cf01000-7f3f9d0a6000 rw-s 00000000 00:01 61571                      /memfd:/.nvidia_drv.XXXXXX (deleted)
7f3f9d0a6000-7f3f9d0aa000 r--p 00000000 103:02 4988421                   /usr/lib/x86_64-linux-gnu/libdrm.so.2.4.0
7f3f9d0aa000-7f3f9d0b4000 r-xp 00004000 103:02 4988421                   /usr/lib/x86_64-linux-gnu/libdrm.so.2.4.0
7f3f9d0b4000-7f3f9d0b8000 r--p 0000e000 103:02 4988421                   /usr/lib/x86_64-linux-gnu/libdrm.so.2.4.0
7f3f9d0b8000-7f3f9d0b9000 r--p 00011000 103:02 4988421                   /usr/lib/x86_64-linux-gnu/libdrm.so.2.4.0
7f3f9d0b9000-7f3f9d0ba000 rw-p 00012000 103:02 4988421                   /usr/lib/x86_64-linux-gnu/libdrm.so.2.4.0
7f3f9d0ba000-7f3f9d0bb000 r--p 00000000 103:02 4989562                   /usr/lib/x86_64-linux-gnu/libxcb-present.so.0.0.0
7f3f9d0bb000-7f3f9d0bc000 r-xp 00001000 103:02 4989562                   /usr/lib/x86_64-linux-gnu/libxcb-present.so.0.0.0
7f3f9d0bc000-7f3f9d0bd000 r--p 00002000 103:02 4989562                   /usr/lib/x86_64-linux-gnu/libxcb-present.so.0.0.0
7f3f9d0bd000-7f3f9d0be000 r--p 00002000 103:02 4989562                   /usr/lib/x86_64-linux-gnu/libxcb-present.so.0.0.0
7f3f9d0be000-7f3f9d0bf000 rw-p 00003000 103:02 4989562                   /usr/lib/x86_64-linux-gnu/libxcb-present.so.0.0.0
7f3f9d0bf000-7f3f9d0c1000 r--p 00000000 103:02 4989552                   /usr/lib/x86_64-linux-gnu/libxcb-dri3.so.0.0.0
7f3f9d0c1000-7f3f9d0c2000 r-xp 00002000 103:02 4989552                   /usr/lib/x86_64-linux-gnu/libxcb-dri3.so.0.0.0
7f3f9d0c2000-7f3f9d0c3000 r--p 00003000 103:02 4989552                   /usr/lib/x86_64-linux-gnu/libxcb-dri3.so.0.0.0
7f3f9d0c3000-7f3f9d0c4000 r--p 00003000 103:02 4989552                   /usr/lib/x86_64-linux-gnu/libxcb-dri3.so.0.0.0
7f3f9d0c4000-7f3f9d0c5000 rw-p 00004000 103:02 4989552                   /usr/lib/x86_64-linux-gnu/libxcb-dri3.so.0.0.0
7f3f9d0c5000-7f3f9d0d8000 rw-s 00000000 00:05 632                        /dev/nvidiactl
7f3f9d0d8000-7f3f9d0e3000 r--p 00000000 103:02 4989554                   /usr/lib/x86_64-linux-gnu/libxcb-glx.so.0.0.0
7f3f9d0e3000-7f3f9d0ec000 r-xp 0000b000 103:02 4989554                   /usr/lib/x86_64-linux-gnu/libxcb-glx.so.0.0.0
7f3f9d0ec000-7f3f9d0f1000 r--p 00014000 103:02 4989554                   /usr/lib/x86_64-linux-gnu/libxcb-glx.so.0.0.0
7f3f9d0f1000-7f3f9d0f2000 ---p 00019000 103:02 4989554                   /usr/lib/x86_64-linux-gnu/libxcb-glx.so.0.0.0
7f3f9d0f2000-7f3f9d0f4000 r--p 00019000 103:02 4989554                   /usr/lib/x86_64-linux-gnu/libxcb-glx.so.0.0.0
7f3f9d0f4000-7f3f9d0f5000 rw-p 0001b000 103:02 4989554                   /usr/lib/x86_64-linux-gnu/libxcb-glx.so.0.0.0
7f3f9d0f5000-7f3f9d0f8000 r-xp 00000000 103:02 4986815                   /usr/lib/x86_64-linux-gnu/libnvidia-tls.so.460.32.03
7f3f9d0f8000-7f3f9d2f8000 ---p 00003000 103:02 4986815                   /usr/lib/x86_64-linux-gnu/libnvidia-tls.so.460.32.03
7f3f9d2f8000-7f3f9d2f9000 r--p 00003000 103:02 4986815                   /usr/lib/x86_64-linux-gnu/libnvidia-tls.so.460.32.03
7f3f9d2f9000-7f3f9d2fa000 rw-p 00004000 103:02 4986815                   /usr/lib/x86_64-linux-gnu/libnvidia-tls.so.460.32.03
7f3f9d2fa000-7f3f9d39a000 r-xp 00000000 103:02 4986806                   /usr/lib/x86_64-linux-gnu/libGLX_nvidia.so.460.32.03
7f3f9d39a000-7f3f9d3cf000 rwxp 000a0000 103:02 4986806                   /usr/lib/x86_64-linux-gnu/libGLX_nvidia.so.460.32.03
7f3f9d3cf000-7f3f9d3d6000 r-xp 000d5000 103:02 4986806                   /usr/lib/x86_64-linux-gnu/libGLX_nvidia.so.460.32.03
7f3f9d3d6000-7f3f9d5d5000 ---p 000dc000 103:02 4986806                   /usr/lib/x86_64-linux-gnu/libGLX_nvidia.so.460.32.03
7f3f9d5d5000-7f3f9d61d000 r--p 000db000 103:02 4986806                   /usr/lib/x86_64-linux-gnu/libGLX_nvidia.so.460.32.03
7f3f9d61d000-7f3f9d622000 rw-p 00123000 103:02 4986806                   /usr/lib/x86_64-linux-gnu/libGLX_nvidia.so.460.32.03
7f3f9d622000-7f3f9d624000 rw-p 00000000 00:00 0 
7f3f9d798000-7f3f9d799000 r--p 00000000 103:02 4988090                   /usr/lib/x86_64-linux-gnu/libX11-xcb.so.1.0.0
7f3f9d799000-7f3f9d79a000 r-xp 00001000 103:02 4988090                   /usr/lib/x86_64-linux-gnu/libX11-xcb.so.1.0.0
7f3f9d79a000-7f3f9d79b000 r--p 00002000 103:02 4988090                   /usr/lib/x86_64-linux-gnu/libX11-xcb.so.1.0.0
7f3f9d79b000-7f3f9d79c000 r--p 00002000 103:02 4988090                   /usr/lib/x86_64-linux-gnu/libX11-xcb.so.1.0.0
7f3f9d79c000-7f3f9d79d000 rw-p 00003000 103:02 4988090                   /usr/lib/x86_64-linux-gnu/libX11-xcb.so.1.0.0
7f3f9d92d000-7f3f9d93b000 r--p 00000000 103:02 4989389                   /usr/lib/x86_64-linux-gnu/libtinfo.so.6.2
7f3f9d93b000-7f3f9d94a000 r-xp 0000e000 103:02 4989389                   /usr/lib/x86_64-linux-gnu/libtinfo.so.6.2
7f3f9d94a000-7f3f9d958000 r--p 0001d000 103:02 4989389                   /usr/lib/x86_64-linux-gnu/libtinfo.so.6.2
7f3f9d958000-7f3f9d95c000 r--p 0002a000 103:02 4989389                   /usr/lib/x86_64-linux-gnu/libtinfo.so.6.2
7f3f9d95c000-7f3f9d95d000 rw-p 0002e000 103:02 4989389                   /usr/lib/x86_64-linux-gnu/libtinfo.so.6.2
7f3f9d95d000-7f3f9d965000 r--p 00000000 103:02 4988455                   /usr/lib/x86_64-linux-gnu/libedit.so.2.0.63
7f3f9d965000-7f3f9d980000 r-xp 00008000 103:02 4988455                   /usr/lib/x86_64-linux-gnu/libedit.so.2.0.63
7f3f9d980000-7f3f9d98e000 r--p 00023000 103:02 4988455                   /usr/lib/x86_64-linux-gnu/libedit.so.2.0.63
7f3f9d98e000-7f3f9d990000 r--p 00030000 103:02 4988455                   /usr/lib/x86_64-linux-gnu/libedit.so.2.0.63
7f3f9d990000-7f3f9d991000 rw-p 00032000 103:02 4988455                   /usr/lib/x86_64-linux-gnu/libedit.so.2.0.63
7f3f9d991000-7f3f9d995000 rw-p 00000000 00:00 0 
7f3f9d995000-7f3f9d998000 r--p 00000000 103:02 4986833                   /usr/lib/x86_64-linux-gnu/libelf-0.181.so
7f3f9d998000-7f3f9d9aa000 r-xp 00003000 103:02 4986833                   /usr/lib/x86_64-linux-gnu/libelf-0.181.so
7f3f9d9aa000-7f3f9d9af000 r--p 00015000 103:02 4986833                   /usr/lib/x86_64-linux-gnu/libelf-0.181.so
7f3f9d9af000-7f3f9d9b0000 r--p 00019000 103:02 4986833                   /usr/lib/x86_64-linux-gnu/libelf-0.181.so
7f3f9d9b0000-7f3f9d9b1000 rw-p 0001a000 103:02 4986833                   /usr/lib/x86_64-linux-gnu/libelf-0.181.so
7f3f9d9b1000-7f3f9d9b4000 r--p 00000000 103:02 4988423                   /usr/lib/x86_64-linux-gnu/libdrm_amdgpu.so.1.0.0
7f3f9d9b4000-7f3f9d9b9000 r-xp 00003000 103:02 4988423                   /usr/lib/x86_64-linux-gnu/libdrm_amdgpu.so.1.0.0
7f3f9d9b9000-7f3f9d9bb000 r--p 00008000 103:02 4988423                   /usr/lib/x86_64-linux-gnu/libdrm_amdgpu.so.1.0.0
7f3f9d9bb000-7f3f9d9bc000 r--p 00009000 103:02 4988423                   /usr/lib/x86_64-linux-gnu/libdrm_amdgpu.so.1.0.0
7f3f9d9bc000-7f3f9d9bd000 rw-p 0000a000 103:02 4988423                   /usr/lib/x86_64-linux-gnu/libdrm_amdgpu.so.1.0.0
7f3f9d9db000-7f3f9d9df000 r--p 00000000 103:02 4988109                   /usr/lib/x86_64-linux-gnu/libXext.so.6.4.0
7f3f9d9df000-7f3f9d9ea000 r-xp 00004000 103:02 4988109                   /usr/lib/x86_64-linux-gnu/libXext.so.6.4.0
7f3f9d9ea000-7f3f9d9ee000 r--p 0000f000 103:02 4988109                   /usr/lib/x86_64-linux-gnu/libXext.so.6.4.0
7f3f9d9ee000-7f3f9d9ef000 r--p 00012000 103:02 4988109                   /usr/lib/x86_64-linux-gnu/libXext.so.6.4.0
7f3f9d9ef000-7f3f9d9f0000 rw-p 00013000 103:02 4988109                   /usr/lib/x86_64-linux-gnu/libXext.so.6.4.0
7f3f9d9f0000-7f3f9d9fb000 r--p 00000000 103:02 4989586                   /usr/lib/x86_64-linux-gnu/libxcb.so.1.1.0
7f3f9d9fb000-7f3f9da0f000 r-xp 0000b000 103:02 4989586                   /usr/lib/x86_64-linux-gnu/libxcb.so.1.1.0
7f3f9da0f000-7f3f9da18000 r--p 0001f000 103:02 4989586                   /usr/lib/x86_64-linux-gnu/libxcb.so.1.1.0
7f3f9da18000-7f3f9da19000 r--p 00027000 103:02 4989586                   /usr/lib/x86_64-linux-gnu/libxcb.so.1.1.0
7f3f9da19000-7f3f9da1a000 rw-p 00028000 103:02 4989586                   /usr/lib/x86_64-linux-gnu/libxcb.so.1.1.0
7f3f9da1a000-7f3f9da32000 r--p 00000000 103:02 4988092                   /usr/lib/x86_64-linux-gnu/libX11.so.6.3.0
7f3f9da32000-7f3f9dabe000 r-xp 00018000 103:02 4988092                   /usr/lib/x86_64-linux-gnu/libX11.so.6.3.0
7f3f9dabe000-7f3f9db52000 r--p 000a4000 103:02 4988092                   /usr/lib/x86_64-linux-gnu/libX11.so.6.3.0
7f3f9db52000-7f3f9db53000 ---p 00138000 103:02 4988092                   /usr/lib/x86_64-linux-gnu/libX11.so.6.3.0
7f3f9db53000-7f3f9db54000 r--p 00138000 103:02 4988092                   /usr/lib/x86_64-linux-gnu/libX11.so.6.3.0
7f3f9db54000-7f3f9db58000 rw-p 00139000 103:02 4988092                   /usr/lib/x86_64-linux-gnu/libX11.so.6.3.0
7f3f9db58000-7f3f9db9c000 r-xp 00000000 103:02 11277007                  /tmp/lwjglhydos/3.2.4-build-6/libglfw.so
7f3f9db9c000-7f3f9dd9b000 ---p 00044000 103:02 11277007                  /tmp/lwjglhydos/3.2.4-build-6/libglfw.so
7f3f9dd9b000-7f3f9dd9c000 r--p 00043000 103:02 11277007                  /tmp/lwjglhydos/3.2.4-build-6/libglfw.so
7f3f9dd9c000-7f3f9dd9e000 rw-p 00044000 103:02 11277007                  /tmp/lwjglhydos/3.2.4-build-6/libglfw.so
7f3f9dd9e000-7f3f9ddbf000 rw-p 00000000 00:00 0 
7f3f9ddbf000-7f3f9de12000 r-xp 00000000 103:02 11276997                  /tmp/lwjglhydos/3.2.4-build-6/liblwjgl.so
7f3f9de12000-7f3f9e011000 ---p 00053000 103:02 11276997                  /tmp/lwjglhydos/3.2.4-build-6/liblwjgl.so
7f3f9e011000-7f3f9e012000 r--p 00052000 103:02 11276997                  /tmp/lwjglhydos/3.2.4-build-6/liblwjgl.so
7f3f9e012000-7f3f9e013000 rw-p 00053000 103:02 11276997                  /tmp/lwjglhydos/3.2.4-build-6/liblwjgl.so
7f3f9e013000-7f3f9e017000 ---p 00000000 00:00 0 
7f3f9e017000-7f3f9e114000 rw-p 00000000 00:00 0 
7f3f9e114000-7f3f9e118000 ---p 00000000 00:00 0 
7f3f9e118000-7f3f9e215000 rw-p 00000000 00:00 0 
7f3f9e215000-7f3f9e219000 ---p 00000000 00:00 0 
7f3f9e219000-7f3f9e316000 rw-p 00000000 00:00 0 
7f3f9e316000-7f3f9e317000 ---p 00000000 00:00 0 
7f3f9e317000-7f3f9e418000 rw-p 00000000 00:00 0 
7f3f9e418000-7f3f9e41c000 ---p 00000000 00:00 0 
7f3f9e41c000-7f3f9e519000 rw-p 00000000 00:00 0 
7f3f9e519000-7f3f9e51d000 ---p 00000000 00:00 0 
7f3f9e51d000-7f3f9e61a000 rw-p 00000000 00:00 0 
7f3f9e61a000-7f3f9e61e000 ---p 00000000 00:00 0 
7f3f9e61e000-7f3f9e71b000 rw-p 00000000 00:00 0 
7f3f9e71b000-7f3f9e71f000 ---p 00000000 00:00 0 
7f3f9e71f000-7f3f9e81c000 rw-p 00000000 00:00 0 
7f3f9e81c000-7f3f9e820000 ---p 00000000 00:00 0 
7f3f9e820000-7f3f9e91d000 rw-p 00000000 00:00 0 
7f3f9e91d000-7f3f9e921000 ---p 00000000 00:00 0 
7f3f9e921000-7f3f9ea1e000 rw-p 00000000 00:00 0 
7f3f9ea1e000-7f3f9f800000 r--p 00000000 103:02 4987413                   /usr/lib/locale/locale-archive
7f3f9f800000-7f3f9f930000 rw-p 00000000 00:00 0 
7f3f9f930000-7f3f9fc00000 ---p 00000000 00:00 0 
7f3f9fc00000-7f3f9fd30000 rw-p 00000000 00:00 0 
7f3f9fd30000-7f3fa0000000 ---p 00000000 00:00 0 
7f3fa0000000-7f3fa0021000 rw-p 00000000 00:00 0 
7f3fa0021000-7f3fa4000000 ---p 00000000 00:00 0 
7f3fa4000000-7f3fa4021000 rw-p 00000000 00:00 0 
7f3fa4021000-7f3fa8000000 ---p 00000000 00:00 0 
7f3fa8000000-7f3fa8021000 rw-p 00000000 00:00 0 
7f3fa8021000-7f3fac000000 ---p 00000000 00:00 0 
7f3fac000000-7f3fac021000 rw-p 00000000 00:00 0 
7f3fac021000-7f3fb0000000 ---p 00000000 00:00 0 
7f3fb0000000-7f3fb0021000 rw-p 00000000 00:00 0 
7f3fb0021000-7f3fb4000000 ---p 00000000 00:00 0 
7f3fb4005000-7f3fb4009000 r--p 00000000 103:02 4988263                   /usr/lib/x86_64-linux-gnu/libbsd.so.0.10.0
7f3fb4009000-7f3fb4018000 r-xp 00004000 103:02 4988263                   /usr/lib/x86_64-linux-gnu/libbsd.so.0.10.0
7f3fb4018000-7f3fb401b000 r--p 00013000 103:02 4988263                   /usr/lib/x86_64-linux-gnu/libbsd.so.0.10.0
7f3fb401b000-7f3fb401c000 ---p 00016000 103:02 4988263                   /usr/lib/x86_64-linux-gnu/libbsd.so.0.10.0
7f3fb401c000-7f3fb401d000 r--p 00016000 103:02 4988263                   /usr/lib/x86_64-linux-gnu/libbsd.so.0.10.0
7f3fb401d000-7f3fb401e000 rw-p 00017000 103:02 4988263                   /usr/lib/x86_64-linux-gnu/libbsd.so.0.10.0
7f3fb401e000-7f3fb401f000 rw-p 00000000 00:00 0 
7f3fb401f000-7f3fb4021000 r--p 00000000 103:02 4988107                   /usr/lib/x86_64-linux-gnu/libXdmcp.so.6.0.0
7f3fb4021000-7f3fb4023000 r-xp 00002000 103:02 4988107                   /usr/lib/x86_64-linux-gnu/libXdmcp.so.6.0.0
7f3fb4023000-7f3fb4025000 r--p 00004000 103:02 4988107                   /usr/lib/x86_64-linux-gnu/libXdmcp.so.6.0.0
7f3fb4025000-7f3fb4026000 r--p 00005000 103:02 4988107                   /usr/lib/x86_64-linux-gnu/libXdmcp.so.6.0.0
7f3fb4026000-7f3fb4027000 rw-p 00006000 103:02 4988107                   /usr/lib/x86_64-linux-gnu/libXdmcp.so.6.0.0
7f3fb4027000-7f3fb402a000 r--p 00000000 103:02 4989245                   /usr/lib/x86_64-linux-gnu/librt-2.32.so
7f3fb402a000-7f3fb402e000 r-xp 00003000 103:02 4989245                   /usr/lib/x86_64-linux-gnu/librt-2.32.so
7f3fb402e000-7f3fb4030000 r--p 00007000 103:02 4989245                   /usr/lib/x86_64-linux-gnu/librt-2.32.so
7f3fb4030000-7f3fb4031000 r--p 00008000 103:02 4989245                   /usr/lib/x86_64-linux-gnu/librt-2.32.so
7f3fb4031000-7f3fb4032000 rw-p 00009000 103:02 4989245                   /usr/lib/x86_64-linux-gnu/librt-2.32.so
7f3fb4032000-7f3fb4036000 rw-s 00000000 00:05 632                        /dev/nvidiactl
7f3fb4036000-7f3fb4037000 rw-s 00000000 00:05 633                        /dev/nvidia0
7f3fb4037000-7f3fb4039000 rw-s 00000000 00:05 632                        /dev/nvidiactl
7f3fb4039000-7f3fb403d000 rw-s 00000000 00:05 632                        /dev/nvidiactl
7f3fb403d000-7f3fb403e000 rw-s 00000000 00:05 632                        /dev/nvidiactl
7f3fb403e000-7f3fb403f000 rw-s 00000000 00:05 632                        /dev/nvidiactl
7f3fb403f000-7f3fb4040000 rw-s 00000000 00:05 632                        /dev/nvidiactl
7f3fb4040000-7f3fb4050000 rw-s 00000000 00:05 633                        /dev/nvidia0
7f3fb4050000-7f3fb4052000 r--p 00000000 103:02 25821838                  /jvm/openjdk-17-internal/lib/libzip.so
7f3fb4052000-7f3fb4057000 r-xp 00002000 103:02 25821838                  /jvm/openjdk-17-internal/lib/libzip.so
7f3fb4057000-7f3fb4059000 r--p 00007000 103:02 25821838                  /jvm/openjdk-17-internal/lib/libzip.so
7f3fb4059000-7f3fb405a000 r--p 00008000 103:02 25821838                  /jvm/openjdk-17-internal/lib/libzip.so
7f3fb405a000-7f3fb405b000 rw-p 00009000 103:02 25821838                  /jvm/openjdk-17-internal/lib/libzip.so
7f3fb405b000-7f3fb408c000 rw-p 00000000 00:00 0 
7f3fb408c000-7f3fb4090000 r--p 00000000 103:02 25821829                  /jvm/openjdk-17-internal/lib/libnet.so
7f3fb4090000-7f3fb409f000 r-xp 00004000 103:02 25821829                  /jvm/openjdk-17-internal/lib/libnet.so
7f3fb409f000-7f3fb40a3000 r--p 00013000 103:02 25821829                  /jvm/openjdk-17-internal/lib/libnet.so
7f3fb40a3000-7f3fb40a4000 r--p 00016000 103:02 25821829                  /jvm/openjdk-17-internal/lib/libnet.so
7f3fb40a4000-7f3fb40a5000 rw-p 00017000 103:02 25821829                  /jvm/openjdk-17-internal/lib/libnet.so
7f3fb40a5000-7f3fb40ab000 r--p 00000000 103:02 25821826                  /jvm/openjdk-17-internal/lib/libnio.so
7f3fb40ab000-7f3fb40b4000 r-xp 00006000 103:02 25821826                  /jvm/openjdk-17-internal/lib/libnio.so
7f3fb40b4000-7f3fb40b8000 r--p 0000f000 103:02 25821826                  /jvm/openjdk-17-internal/lib/libnio.so
7f3fb40b8000-7f3fb40b9000 ---p 00013000 103:02 25821826                  /jvm/openjdk-17-internal/lib/libnio.so
7f3fb40b9000-7f3fb40ba000 r--p 00013000 103:02 25821826                  /jvm/openjdk-17-internal/lib/libnio.so
7f3fb40ba000-7f3fb40bb000 rw-p 00014000 103:02 25821826                  /jvm/openjdk-17-internal/lib/libnio.so
7f3fb40bb000-7f3fb40bc000 r--p 00000000 103:02 25821864                  /jvm/openjdk-17-internal/lib/libdt_socket.so
7f3fb40bc000-7f3fb40bf000 r-xp 00001000 103:02 25821864                  /jvm/openjdk-17-internal/lib/libdt_socket.so
7f3fb40bf000-7f3fb40c0000 r--p 00004000 103:02 25821864                  /jvm/openjdk-17-internal/lib/libdt_socket.so
7f3fb40c0000-7f3fb40c1000 ---p 00005000 103:02 25821864                  /jvm/openjdk-17-internal/lib/libdt_socket.so
7f3fb40c1000-7f3fb40c2000 r--p 00005000 103:02 25821864                  /jvm/openjdk-17-internal/lib/libdt_socket.so
7f3fb40c2000-7f3fb40c3000 rw-p 00006000 103:02 25821864                  /jvm/openjdk-17-internal/lib/libdt_socket.so
7f3fb40c3000-7f3fb40c7000 ---p 00000000 00:00 0 
7f3fb40c7000-7f3fb41c4000 rw-p 00000000 00:00 0 
7f3fb41c4000-7f3fb41c8000 ---p 00000000 00:00 0 
7f3fb41c8000-7f3fb42c5000 rw-p 00000000 00:00 0 
7f3fb42c5000-7f3fb42c9000 ---p 00000000 00:00 0 
7f3fb42c9000-7f3fb43c6000 rw-p 00000000 00:00 0 
7f3fb43c6000-7f3fb43ca000 ---p 00000000 00:00 0 
7f3fb43ca000-7f3fb44c7000 rw-p 00000000 00:00 0 
7f3fb44c7000-7f3fb44cb000 ---p 00000000 00:00 0 
7f3fb44cb000-7f3fb45c8000 rw-p 00000000 00:00 0 
7f3fb45c8000-7f3fb45cc000 ---p 00000000 00:00 0 
7f3fb45cc000-7f3fb46c9000 rw-p 00000000 00:00 0 
7f3fb46c9000-7f3fb46ca000 ---p 00000000 00:00 0 
7f3fb46ca000-7f3fb48e8000 rw-p 00000000 00:00 0 
7f3fb48e8000-7f3fb48e9000 ---p 00000000 00:00 0 
7f3fb48e9000-7f3fb49ea000 rw-p 00000000 00:00 0 
7f3fb49ea000-7f3fb49eb000 ---p 00000000 00:00 0 
7f3fb49eb000-7f3fb73cd000 rw-p 00000000 00:00 0 
7f3fb73cd000-7f3fbe8fd000 ---p 00000000 00:00 0 
7f3fbe8fd000-7f3fbf0fd000 rw-p 00000000 00:00 0 
7f3fbf0fd000-7f3fc662d000 ---p 00000000 00:00 0 
7f3fc662d000-7f3fc6749000 rw-p 00000000 00:00 0 
7f3fc6749000-7f3fc75ef000 ---p 00000000 00:00 0 
7f3fc75ef000-7f3fc76ef000 rw-p 00000000 00:00 0 
7f3fc76ef000-7f3fc8595000 ---p 00000000 00:00 0 
7f3fc8595000-7f3fc8599000 rw-p 00000000 00:00 0 
7f3fc8599000-7f3fc8809000 rwxp 00000000 00:00 0 
7f3fc8809000-7f3fc8b2b000 ---p 00000000 00:00 0 
7f3fc8b2b000-7f3fc8d9b000 rwxp 00000000 00:00 0 
7f3fc8d9b000-7f3fd0062000 ---p 00000000 00:00 0 
7f3fd0062000-7f3fd02d2000 rwxp 00000000 00:00 0 
7f3fd02d2000-7f3fd7599000 ---p 00000000 00:00 0 
7f3fd7599000-7f3fe0000000 r--s 00000000 103:02 25821825                  /jvm/openjdk-17-internal/lib/modules
7f3fe0000000-7f3fe09e6000 rw-p 00000000 00:00 0 
7f3fe09e6000-7f3fe4000000 ---p 00000000 00:00 0 
7f3fe4007000-7f3fe400e000 r--s 00000000 103:02 5638180                   /usr/lib/x86_64-linux-gnu/gconv/gconv-modules.cache
7f3fe400e000-7f3fe4917000 rw-p 00000000 00:00 0 
7f3fe4917000-7f3fe4918000 ---p 00000000 00:00 0 
7f3fe4918000-7f3fe4a19000 rw-p 00000000 00:00 0 
7f3fe4a19000-7f3fe4a1a000 ---p 00000000 00:00 0 
7f3fe4a1a000-7f3fe4b1b000 rw-p 00000000 00:00 0 
7f3fe4b1b000-7f3fe4b1c000 ---p 00000000 00:00 0 
7f3fe4b1c000-7f3fe4d9b000 rw-p 00000000 00:00 0 
7f3fe4d9b000-7f3fe5c41000 ---p 00000000 00:00 0 
7f3fe5c41000-7f3fe6693000 rw-p 00000000 00:00 0 
7f3fe6693000-7f3fe6779000 ---p 00000000 00:00 0 
7f3fe6779000-7f3fe677e000 rw-p 00000000 00:00 0 
7f3fe677e000-7f3fe6864000 ---p 00000000 00:00 0 
7f3fe6864000-7f3fe6869000 rw-p 00000000 00:00 0 
7f3fe6869000-7f3fe6870000 ---p 00000000 00:00 0 
7f3fe6870000-7f3fe687c000 r--p 00000000 103:02 25821834                  /jvm/openjdk-17-internal/lib/libjava.so
7f3fe687c000-7f3fe688f000 r-xp 0000c000 103:02 25821834                  /jvm/openjdk-17-internal/lib/libjava.so
7f3fe688f000-7f3fe6895000 r--p 0001f000 103:02 25821834                  /jvm/openjdk-17-internal/lib/libjava.so
7f3fe6895000-7f3fe6896000 ---p 00025000 103:02 25821834                  /jvm/openjdk-17-internal/lib/libjava.so
7f3fe6896000-7f3fe6897000 r--p 00025000 103:02 25821834                  /jvm/openjdk-17-internal/lib/libjava.so
7f3fe6897000-7f3fe6898000 rw-p 00026000 103:02 25821834                  /jvm/openjdk-17-internal/lib/libjava.so
7f3fe6898000-7f3fe6899000 rw-p 00000000 00:00 0 
7f3fe6899000-7f3fe68a1000 rw-s 00000000 103:02 11273729                  /tmp/hsperfdata_hydos/10705
7f3fe68a1000-7f3fe68a4000 r--p 00000000 103:02 25821863                  /jvm/openjdk-17-internal/lib/libjdwp.so
7f3fe68a4000-7f3fe68d2000 r-xp 00003000 103:02 25821863                  /jvm/openjdk-17-internal/lib/libjdwp.so
7f3fe68d2000-7f3fe68e0000 r--p 00031000 103:02 25821863                  /jvm/openjdk-17-internal/lib/libjdwp.so
7f3fe68e0000-7f3fe68e1000 r--p 0003e000 103:02 25821863                  /jvm/openjdk-17-internal/lib/libjdwp.so
7f3fe68e1000-7f3fe68e2000 rw-p 0003f000 103:02 25821863                  /jvm/openjdk-17-internal/lib/libjdwp.so
7f3fe68e2000-7f3fe68e3000 rw-p 00000000 00:00 0 
7f3fe68e3000-7f3fe68e7000 r--p 00000000 103:02 25821837                  /jvm/openjdk-17-internal/lib/libjimage.so
7f3fe68e7000-7f3fe68fb000 r-xp 00004000 103:02 25821837                  /jvm/openjdk-17-internal/lib/libjimage.so
7f3fe68fb000-7f3fe6901000 r--p 00018000 103:02 25821837                  /jvm/openjdk-17-internal/lib/libjimage.so
7f3fe6901000-7f3fe6903000 r--p 0001d000 103:02 25821837                  /jvm/openjdk-17-internal/lib/libjimage.so
7f3fe6903000-7f3fe6904000 rw-p 0001f000 103:02 25821837                  /jvm/openjdk-17-internal/lib/libjimage.so
7f3fe6904000-7f3fe6908000 ---p 00000000 00:00 0 
7f3fe6908000-7f3fe6a05000 rw-p 00000000 00:00 0 
7f3fe6a05000-7f3fe6a14000 r--p 00000000 103:02 4988919                   /usr/lib/x86_64-linux-gnu/libm-2.32.so
7f3fe6a14000-7f3fe6abb000 r-xp 0000f000 103:02 4988919                   /usr/lib/x86_64-linux-gnu/libm-2.32.so
7f3fe6abb000-7f3fe6b52000 r--p 000b6000 103:02 4988919                   /usr/lib/x86_64-linux-gnu/libm-2.32.so
7f3fe6b52000-7f3fe6b53000 r--p 0014c000 103:02 4988919                   /usr/lib/x86_64-linux-gnu/libm-2.32.so
7f3fe6b53000-7f3fe6b54000 rw-p 0014d000 103:02 4988919                   /usr/lib/x86_64-linux-gnu/libm-2.32.so
7f3fe6b54000-7f3fe6d9a000 r--p 00000000 103:02 25821909                  /jvm/openjdk-17-internal/lib/server/libjvm.so
7f3fe6d9a000-7f3fe7ac4000 r-xp 00246000 103:02 25821909                  /jvm/openjdk-17-internal/lib/server/libjvm.so
7f3fe7ac4000-7f3fe7d4b000 r--p 00f70000 103:02 25821909                  /jvm/openjdk-17-internal/lib/server/libjvm.so
7f3fe7d4b000-7f3fe7e00000 r--p 011f6000 103:02 25821909                  /jvm/openjdk-17-internal/lib/server/libjvm.so
7f3fe7e00000-7f3fe7e34000 rw-p 012ab000 103:02 25821909                  /jvm/openjdk-17-internal/lib/server/libjvm.so
7f3fe7e34000-7f3fe7e91000 rw-p 00000000 00:00 0 
7f3fe7e91000-7f3fe7e98000 r--p 00000000 103:02 4989185                   /usr/lib/x86_64-linux-gnu/libpthread-2.32.so
7f3fe7e98000-7f3fe7ea8000 r-xp 00007000 103:02 4989185                   /usr/lib/x86_64-linux-gnu/libpthread-2.32.so
7f3fe7ea8000-7f3fe7ead000 r--p 00017000 103:02 4989185                   /usr/lib/x86_64-linux-gnu/libpthread-2.32.so
7f3fe7ead000-7f3fe7eae000 r--p 0001b000 103:02 4989185                   /usr/lib/x86_64-linux-gnu/libpthread-2.32.so
7f3fe7eae000-7f3fe7eaf000 rw-p 0001c000 103:02 4989185                   /usr/lib/x86_64-linux-gnu/libpthread-2.32.so
7f3fe7eaf000-7f3fe7eb3000 rw-p 00000000 00:00 0 
7f3fe7eb3000-7f3fe7eb4000 r--p 00000000 103:02 4988410                   /usr/lib/x86_64-linux-gnu/libdl-2.32.so
7f3fe7eb4000-7f3fe7eb6000 r-xp 00001000 103:02 4988410                   /usr/lib/x86_64-linux-gnu/libdl-2.32.so
7f3fe7eb6000-7f3fe7eb7000 r--p 00003000 103:02 4988410                   /usr/lib/x86_64-linux-gnu/libdl-2.32.so
7f3fe7eb7000-7f3fe7eb8000 r--p 00003000 103:02 4988410                   /usr/lib/x86_64-linux-gnu/libdl-2.32.so
7f3fe7eb8000-7f3fe7eb9000 rw-p 00004000 103:02 4988410                   /usr/lib/x86_64-linux-gnu/libdl-2.32.so
7f3fe7eb9000-7f3fe7ebb000 r--p 00000000 103:02 4989618                   /usr/lib/x86_64-linux-gnu/libz.so.1.2.11
7f3fe7ebb000-7f3fe7ecd000 r-xp 00002000 103:02 4989618                   /usr/lib/x86_64-linux-gnu/libz.so.1.2.11
7f3fe7ecd000-7f3fe7ed4000 r--p 00014000 103:02 4989618                   /usr/lib/x86_64-linux-gnu/libz.so.1.2.11
7f3fe7ed4000-7f3fe7ed5000 r--p 0001a000 103:02 4989618                   /usr/lib/x86_64-linux-gnu/libz.so.1.2.11
7f3fe7ed5000-7f3fe7ed6000 rw-p 0001b000 103:02 4989618                   /usr/lib/x86_64-linux-gnu/libz.so.1.2.11
7f3fe7ed6000-7f3fe7efc000 r--p 00000000 103:02 4988267                   /usr/lib/x86_64-linux-gnu/libc-2.32.so
7f3fe7efc000-7f3fe8069000 r-xp 00026000 103:02 4988267                   /usr/lib/x86_64-linux-gnu/libc-2.32.so
7f3fe8069000-7f3fe80b5000 r--p 00193000 103:02 4988267                   /usr/lib/x86_64-linux-gnu/libc-2.32.so
7f3fe80b5000-7f3fe80b6000 ---p 001df000 103:02 4988267                   /usr/lib/x86_64-linux-gnu/libc-2.32.so
7f3fe80b6000-7f3fe80b9000 r--p 001df000 103:02 4988267                   /usr/lib/x86_64-linux-gnu/libc-2.32.so
7f3fe80b9000-7f3fe80bc000 rw-p 001e2000 103:02 4988267                   /usr/lib/x86_64-linux-gnu/libc-2.32.so
7f3fe80bc000-7f3fe80c0000 rw-p 00000000 00:00 0 
7f3fe80c0000-7f3fe80c1000 r--p 00000000 103:02 4988096                   /usr/lib/x86_64-linux-gnu/libXau.so.6.0.0
7f3fe80c1000-7f3fe80c3000 r-xp 00001000 103:02 4988096                   /usr/lib/x86_64-linux-gnu/libXau.so.6.0.0
7f3fe80c3000-7f3fe80c4000 r--p 00003000 103:02 4988096                   /usr/lib/x86_64-linux-gnu/libXau.so.6.0.0
7f3fe80c4000-7f3fe80c5000 r--p 00003000 103:02 4988096                   /usr/lib/x86_64-linux-gnu/libXau.so.6.0.0
7f3fe80c5000-7f3fe80c6000 rw-p 00004000 103:02 4988096                   /usr/lib/x86_64-linux-gnu/libXau.so.6.0.0
7f3fe80c6000-7f3fe80c9000 r--p 00000000 103:02 4989041                   /usr/lib/x86_64-linux-gnu/libnss_files-2.32.so
7f3fe80c9000-7f3fe80d1000 r-xp 00003000 103:02 4989041                   /usr/lib/x86_64-linux-gnu/libnss_files-2.32.so
7f3fe80d1000-7f3fe80d3000 r--p 0000b000 103:02 4989041                   /usr/lib/x86_64-linux-gnu/libnss_files-2.32.so
7f3fe80d3000-7f3fe80d4000 r--p 0000c000 103:02 4989041                   /usr/lib/x86_64-linux-gnu/libnss_files-2.32.so
7f3fe80d4000-7f3fe80d5000 rw-p 0000d000 103:02 4989041                   /usr/lib/x86_64-linux-gnu/libnss_files-2.32.so
7f3fe80d5000-7f3fe80db000 rw-p 00000000 00:00 0 
7f3fe80db000-7f3fe80dc000 ---p 00000000 00:00 0 
7f3fe80dc000-7f3fe80dd000 r--p 00000000 00:00 0 
7f3fe80dd000-7f3fe80de000 ---p 00000000 00:00 0 
7f3fe80de000-7f3fe80e0000 r--p 00000000 103:02 25821839                  /jvm/openjdk-17-internal/lib/libjli.so
7f3fe80e0000-7f3fe80ea000 r-xp 00002000 103:02 25821839                  /jvm/openjdk-17-internal/lib/libjli.so
7f3fe80ea000-7f3fe80ed000 r--p 0000c000 103:02 25821839                  /jvm/openjdk-17-internal/lib/libjli.so
7f3fe80ed000-7f3fe80ee000 ---p 0000f000 103:02 25821839                  /jvm/openjdk-17-internal/lib/libjli.so
7f3fe80ee000-7f3fe80ef000 r--p 0000f000 103:02 25821839                  /jvm/openjdk-17-internal/lib/libjli.so
7f3fe80ef000-7f3fe80f0000 rw-p 00010000 103:02 25821839                  /jvm/openjdk-17-internal/lib/libjli.so
7f3fe80f0000-7f3fe80f2000 rw-p 00000000 00:00 0 
7f3fe80f2000-7f3fe80f3000 r--p 00000000 103:02 4988053                   /usr/lib/x86_64-linux-gnu/ld-2.32.so
7f3fe80f3000-7f3fe8117000 r-xp 00001000 103:02 4988053                   /usr/lib/x86_64-linux-gnu/ld-2.32.so
7f3fe8117000-7f3fe8120000 r--p 00025000 103:02 4988053                   /usr/lib/x86_64-linux-gnu/ld-2.32.so
7f3fe8120000-7f3fe8121000 r--p 0002d000 103:02 4988053                   /usr/lib/x86_64-linux-gnu/ld-2.32.so
7f3fe8121000-7f3fe8123000 rw-p 0002e000 103:02 4988053                   /usr/lib/x86_64-linux-gnu/ld-2.32.so
7ffcdee38000-7ffcdee59000 rw-p 00000000 00:00 0                          [stack]
7ffcdee8b000-7ffcdee8f000 r--p 00000000 00:00 0                          [vvar]
7ffcdee8f000-7ffcdee91000 r-xp 00000000 00:00 0                          [vdso]
ffffffffff600000-ffffffffff601000 --xp 00000000 00:00 0                  [vsyscall]


VM Arguments:
jvm_args: -agentlib:jdwp=transport=dt_socket,address=127.0.0.1:37191,suspend=y,server=n -Dvisualvm.id=1434165156160 -Dfile.encoding=UTF-8 
java_command: me.hydos.example.MowingSim
java_class_path (initial): /home/hydos/IdeaProjects/hYdos/MowingSimulator/target/classes:/home/hydos/.m2/repository/it/unimi/dsi/fastutil/8.2.2/fastutil-8.2.2.jar:/home/hydos/.m2/repository/org/lwjgl/lwjgl/3.2.4-SNAPSHOT/lwjgl-3.2.4-20200915.230138-6.jar:/home/hydos/.m2/repository/org/lwjgl/lwjgl-assimp/3.2.4-SNAPSHOT/lwjgl-assimp-3.2.4-20200915.230138-6.jar:/home/hydos/.m2/repository/org/lwjgl/lwjgl-glfw/3.2.4-SNAPSHOT/lwjgl-glfw-3.2.4-20200915.230138-6.jar:/home/hydos/.m2/repository/org/lwjgl/lwjgl-openal/3.2.4-SNAPSHOT/lwjgl-openal-3.2.4-20200915.230138-6.jar:/home/hydos/.m2/repository/org/lwjgl/lwjgl-shaderc/3.2.4-SNAPSHOT/lwjgl-shaderc-3.2.4-20200915.230138-6.jar:/home/hydos/.m2/repository/org/lwjgl/lwjgl-stb/3.2.4-SNAPSHOT/lwjgl-stb-3.2.4-20200915.230138-6.jar:/home/hydos/.m2/repository/org/lwjgl/lwjgl-vulkan/3.2.4-SNAPSHOT/lwjgl-vulkan-3.2.4-20200915.230138-6.jar:/home/hydos/.m2/repository/org/lwjgl/lwjgl/3.2.4-SNAPSHOT/lwjgl-3.2.4-20200915.230138-6-natives-linux.jar:/home/hydos/.m2/repository/org/lwjgl/lwjgl-assimp/3.2.4-SNAPSHOT/lwjgl-assimp-3.2.4-20200915.230138-6-natives-linux.jar:/home/hydos/.m2/repository/org/lwjgl/lwjgl-glfw/3.2.4-SNAPSHOT/lwjgl-glfw-3.2.4-20200915.230138-6-natives-linux.jar:/home/hydos/.m2/repository/org/lwjgl/lwjgl-openal/3.2.4-SNAPSHOT/lwjgl-openal-3.2.4-20200915.230138-6-natives-linux.jar:/home/hydos/.m2/repository/org/lwjgl/lwjgl-shaderc/3.2.4-SNAPSHOT/lwjgl-shaderc-3.2.4-20200915.230138-6-natives-linux.jar:/home/hydos/.m2/repository/org/lwjgl/lwjgl-stb/3.2.4-SNAPSHOT/lwjgl-stb-3.2.4-20200915.230138-6-natives-linux.jar:/home/hydos/.m2/repository/org/joml/joml/1.10.0/joml-1.10.0.jar:/home/hydos/.local/share/JetBrains/Toolbox/apps/IDEA-U/ch-0/203.7148.57/lib/idea_rt.jar
Launcher Type: SUN_STANDARD

[Global flags]
     intx CICompilerCount                          = 4                                         {product} {ergonomic}
     uint ConcGCThreads                            = 3                                         {product} {ergonomic}
     uint G1ConcRefinementThreads                  = 10                                        {product} {ergonomic}
   size_t G1HeapRegionSize                         = 4194304                                   {product} {ergonomic}
    uintx GCDrainStackTargetSize                   = 64                                        {product} {ergonomic}
   size_t InitialHeapSize                          = 528482304                                 {product} {ergonomic}
   size_t MarkStackSize                            = 4194304                                   {product} {ergonomic}
   size_t MaxHeapSize                              = 8401190912                                {product} {ergonomic}
   size_t MaxNewSize                               = 5037359104                                {product} {ergonomic}
   size_t MinHeapDeltaBytes                        = 4194304                                   {product} {ergonomic}
   size_t MinHeapSize                              = 8388608                                   {product} {ergonomic}
    uintx NonNMethodCodeHeapSize                   = 5839372                                {pd product} {ergonomic}
    uintx NonProfiledCodeHeapSize                  = 122909434                              {pd product} {ergonomic}
    uintx ProfiledCodeHeapSize                     = 122909434                              {pd product} {ergonomic}
    uintx ReservedCodeCacheSize                    = 251658240                              {pd product} {ergonomic}
     bool SegmentedCodeCache                       = true                                      {product} {ergonomic}
   size_t SoftMaxHeapSize                          = 8401190912                             {manageable} {ergonomic}
     bool UseCompressedClassPointers               = true                           {product lp64_product} {ergonomic}
     bool UseCompressedOops                        = true                           {product lp64_product} {ergonomic}
     bool UseG1GC                                  = true                                      {product} {ergonomic}

Logging:
Log output configuration:
 #0: stdout all=warning uptime,level,tags
 #1: stderr all=off uptime,level,tags

Environment Variables:
PATH=/home/hydos/.cargo/bin:/opt/devkitpro/tools/bin:/usr/local/sbin:/usr/local/bin:/usr/sbin:/usr/bin:/sbin:/bin:/usr/games:/usr/local/games:/snap/bin:/home/hydos/.dotnet/tools
USERNAME=hydos
SHELL=/bin/bash
DISPLAY=:0
LANG=en_AU.UTF-8

Signal Handlers:
SIGSEGV: [libjvm.so+0xee4160], sa_mask[0]=11100100010111111101111111111110, sa_flags=SA_RESTART|SA_SIGINFO
SIGBUS: [libjvm.so+0xee4160], sa_mask[0]=11100100010111111101111111111110, sa_flags=SA_RESTART|SA_SIGINFO
SIGFPE: [libjvm.so+0xee4160], sa_mask[0]=11100100010111111101111111111110, sa_flags=SA_RESTART|SA_SIGINFO
SIGPIPE: [libjvm.so+0xd87b50], sa_mask[0]=11100100010111111101111111111110, sa_flags=SA_RESTART|SA_SIGINFO
SIGXFSZ: [libjvm.so+0xd87b50], sa_mask[0]=11100100010111111101111111111110, sa_flags=SA_RESTART|SA_SIGINFO
SIGILL: [libjvm.so+0xee4160], sa_mask[0]=11100100010111111101111111111110, sa_flags=SA_RESTART|SA_SIGINFO
SIGUSR2: [libjvm.so+0xd871d0], sa_mask[0]=00100000000000000000000000000000, sa_flags=SA_RESTART|SA_SIGINFO
SIGHUP: [libjvm.so+0xd87100], sa_mask[0]=11100100010111111101111111111110, sa_flags=SA_RESTART|SA_SIGINFO
SIGINT: [libjvm.so+0xd87100], sa_mask[0]=11100100010111111101111111111110, sa_flags=SA_RESTART|SA_SIGINFO
SIGTERM: [libjvm.so+0xd87100], sa_mask[0]=11100100010111111101111111111110, sa_flags=SA_RESTART|SA_SIGINFO
SIGQUIT: [libjvm.so+0xd87100], sa_mask[0]=11100100010111111101111111111110, sa_flags=SA_RESTART|SA_SIGINFO
SIGTRAP: [libjvm.so+0xee4160], sa_mask[0]=11100100010111111101111111111110, sa_flags=SA_RESTART|SA_SIGINFO


---------------  S Y S T E M  ---------------

OS:
DISTRIB_ID=Ubuntu
DISTRIB_RELEASE=20.10
DISTRIB_CODENAME=groovy
DISTRIB_DESCRIPTION="Ubuntu 20.10"
uname: Linux 5.8.0-43-generic #49-Ubuntu SMP Fri Feb 5 03:01:28 UTC 2021 x86_64
OS uptime: 0 days 0:24 hours
libc: glibc 2.32 NPTL 2.32 
rlimit (soft/hard): STACK 8192k/infinity , CORE 0k/infinity , NPROC 127903/127903 , NOFILE 1048576/1048576 , AS infinity/infinity , CPU infinity/infinity , DATA infinity/infinity , FSIZE infinity/infinity , MEMLOCK 4100852k/4100852k
load average: 2.75 1.92 1.24

/proc/meminfo:
MemTotal:       32806816 kB
MemFree:        22906972 kB
MemAvailable:   26085064 kB
Buffers:          224392 kB
Cached:          3879716 kB
SwapCached:            0 kB
Active:          6246448 kB
Inactive:        2845140 kB
Active(anon):    4973844 kB
Inactive(anon):   741136 kB
Active(file):    1272604 kB
Inactive(file):  2104004 kB
Unevictable:          80 kB
Mlocked:              80 kB
SwapTotal:       2097148 kB
SwapFree:        2097148 kB
Dirty:             14096 kB
Writeback:             0 kB
AnonPages:       4988036 kB
Mapped:          1528216 kB
Shmem:            743704 kB
KReclaimable:     265280 kB
Slab:             518868 kB
SReclaimable:     265280 kB
SUnreclaim:       253588 kB
KernelStack:       23024 kB
PageTables:        43660 kB
NFS_Unstable:          0 kB
Bounce:                0 kB
WritebackTmp:          0 kB
CommitLimit:    18500556 kB
Committed_AS:   12959120 kB
VmallocTotal:   34359738367 kB
VmallocUsed:       79684 kB
VmallocChunk:          0 kB
Percpu:            27392 kB
HardwareCorrupted:     0 kB
AnonHugePages:         0 kB
ShmemHugePages:        0 kB
ShmemPmdMapped:        0 kB
FileHugePages:         0 kB
FilePmdMapped:         0 kB
HugePages_Total:       0
HugePages_Free:        0
HugePages_Rsvd:        0
HugePages_Surp:        0
Hugepagesize:       2048 kB
Hugetlb:               0 kB
DirectMap4k:      668068 kB
DirectMap2M:    11843584 kB
DirectMap1G:    22020096 kB

/sys/kernel/mm/transparent_hugepage/enabled: always [madvise] never
/sys/kernel/mm/transparent_hugepage/defrag (defrag/compaction efforts parameter): always defer defer+madvise [madvise] never

Process Memory:
Virtual Size: 11743852K (peak: 11743972K)
Resident Set Size: 102592K (peak: 102592K) (anon: 39324K, file: 63140K, shmem: 128K)
Swapped out: 0K
C-Heap outstanding allocations: 7221K

/proc/sys/kernel/threads-max (system-wide limit on the number of threads): 255806
/proc/sys/vm/max_map_count (maximum number of memory map areas a process may have): 65530
/proc/sys/kernel/pid_max (system-wide limit on number of process identifiers): 4194304

container (cgroup) information:
container_type: cgroupv1
cpu_cpuset_cpus: 0-11
cpu_memory_nodes: 0
active_processor_count: 12
cpu_quota: no quota
cpu_period: 100000
cpu_shares: no shares
memory_limit_in_bytes: unlimited
memory_and_swap_limit_in_bytes: unlimited
memory_soft_limit_in_bytes: unlimited
memory_usage_in_bytes: 8457113600
memory_max_usage_in_bytes: 8493457408

Steal ticks since vm start: 0
Steal ticks percentage since vm start:  0.000

CPU: total 12 (initial active 12) (12 cores per cpu, 2 threads per core) family 23 model 8 stepping 2 microcode 0x800820d, cx8, cmov, fxsr, ht, mmx, 3dnowpref, sse, sse2, sse3, ssse3, sse4a, sse4.1, sse4.2, popcnt, lzcnt, tsc, tscinvbit, avx, avx2, aes, clmul, bmi1, bmi2, adx, sha, fma, vzeroupper, clflush, clflushopt
CPU Model and flags from /proc/cpuinfo:
model name	: AMD Ryzen 5 2600 Six-Core Processor
flags		: fpu vme de pse tsc msr pae mce cx8 apic sep mtrr pge mca cmov pat pse36 clflush mmx fxsr sse sse2 ht syscall nx mmxext fxsr_opt pdpe1gb rdtscp lm constant_tsc rep_good nopl nonstop_tsc cpuid extd_apicid aperfmperf pni pclmulqdq monitor ssse3 fma cx16 sse4_1 sse4_2 movbe popcnt aes xsave avx f16c rdrand lahf_lm cmp_legacy svm extapic cr8_legacy abm sse4a misalignsse 3dnowprefetch osvw skinit wdt tce topoext perfctr_core perfctr_nb bpext perfctr_llc mwaitx cpb hw_pstate sme ssbd sev ibpb vmmcall fsgsbase bmi1 avx2 smep bmi2 rdseed adx smap clflushopt sha_ni xsaveopt xsavec xgetbv1 xsaves clzero irperf xsaveerptr arat npt lbrv svm_lock nrip_save tsc_scale vmcb_clean flushbyasid decodeassists pausefilter pfthreshold avic v_vmsave_vmload vgif overflow_recov succor smca

Online cpus: 0-11
Offline cpus: 12-31
BIOS frequency limitation: 3400000
Frequency switch latency (ns): 0
Available cpu frequencies: 3400000 2800000 1550000 
Current governor: ondemand
Core performance/turbo boost: 1

Memory: 4k page, physical 32806816k(22906972k free), swap 2097148k(2097148k free)

vm_info: OpenJDK 64-Bit Server VM (17-internal+0-adhoc.hydos.jdk) for linux-amd64 JRE (17-internal+0-adhoc.hydos.jdk), built on Dec 27 2020 23:58:48 by "hydos" with gcc 10.2.0

END.
